
  You can now view your Streamlit app in your browser.

  Local URL: http://localhost:8501
  Network URL: http://10.20.32.16:8501

2025-12-11 08:14:56.838 Please replace `use_container_width` with `width`.

`use_container_width` will be removed after 2025-12-31.

For `use_container_width=True`, use `width='stretch'`. For `use_container_width=False`, use `width='content'`.
2025-12-11 08:14:56.865 Please replace `use_container_width` with `width`.

`use_container_width` will be removed after 2025-12-31.

For `use_container_width=True`, use `width='stretch'`. For `use_container_width=False`, use `width='content'`.
2025-12-11 08:14:56.936 Please replace `use_container_width` with `width`.

`use_container_width` will be removed after 2025-12-31.

For `use_container_width=True`, use `width='stretch'`. For `use_container_width=False`, use `width='content'`.
/Users/reo/Desktop/ãƒ†ã‚™ãƒ¼ã‚¿ã‚µã‚¤ã‚¨ãƒ³ã‚¹ãƒ»ãƒˆãƒƒãƒ•ã‚šãƒãƒã‚·ã‚™ãƒ¡ãƒ³ãƒˆè¬›ç¾©/streamlit_dashboard/app.py:1093: DeprecationWarning:

DataFrameGroupBy.apply operated on the grouping columns. This behavior is deprecated, and in a future version of pandas the grouping columns will be excluded from the operation. Either pass `include_groups=False` to exclude the groupings or explicitly select the grouping columns after groupby to silence this warning.

08:14:57 - cmdstanpy - INFO - Chain [1] start processing
08:15:01 - cmdstanpy - INFO - Chain [1] done processing
2025-12-11 08:15:01.585 Please replace `use_container_width` with `width`.

`use_container_width` will be removed after 2025-12-31.

For `use_container_width=True`, use `width='stretch'`. For `use_container_width=False`, use `width='content'`.
2025-12-11 08:15:01.807 Please replace `use_container_width` with `width`.

`use_container_width` will be removed after 2025-12-31.

For `use_container_width=True`, use `width='stretch'`. For `use_container_width=False`, use `width='content'`.
2025-12-11 08:15:01.942 Please replace `use_container_width` with `width`.

`use_container_width` will be removed after 2025-12-31.

For `use_container_width=True`, use `width='stretch'`. For `use_container_width=False`, use `width='content'`.
2025-12-11 08:15:04.207 Please replace `use_container_width` with `width`.

`use_container_width` will be removed after 2025-12-31.

For `use_container_width=True`, use `width='stretch'`. For `use_container_width=False`, use `width='content'`.
/opt/anaconda3/lib/python3.12/site-packages/sklearn/base.py:493: UserWarning:

X does not have valid feature names, but RandomForestRegressor was fitted with feature names

/opt/anaconda3/lib/python3.12/site-packages/sklearn/base.py:493: UserWarning:

X does not have valid feature names, but RandomForestRegressor was fitted with feature names

/opt/anaconda3/lib/python3.12/site-packages/sklearn/base.py:493: UserWarning:

X does not have valid feature names, but RandomForestRegressor was fitted with feature names

/opt/anaconda3/lib/python3.12/site-packages/sklearn/base.py:493: UserWarning:

X does not have valid feature names, but RandomForestRegressor was fitted with feature names

/opt/anaconda3/lib/python3.12/site-packages/sklearn/base.py:493: UserWarning:

X does not have valid feature names, but RandomForestRegressor was fitted with feature names

/opt/anaconda3/lib/python3.12/site-packages/sklearn/base.py:493: UserWarning:

X does not have valid feature names, but RandomForestRegressor was fitted with feature names

/opt/anaconda3/lib/python3.12/site-packages/sklearn/base.py:493: UserWarning:

X does not have valid feature names, but RandomForestRegressor was fitted with feature names

/opt/anaconda3/lib/python3.12/site-packages/sklearn/base.py:493: UserWarning:

X does not have valid feature names, but RandomForestRegressor was fitted with feature names

/opt/anaconda3/lib/python3.12/site-packages/sklearn/base.py:493: UserWarning:

X does not have valid feature names, but RandomForestRegressor was fitted with feature names

/opt/anaconda3/lib/python3.12/site-packages/sklearn/base.py:493: UserWarning:

X does not have valid feature names, but RandomForestRegressor was fitted with feature names

/opt/anaconda3/lib/python3.12/site-packages/sklearn/base.py:493: UserWarning:

X does not have valid feature names, but RandomForestRegressor was fitted with feature names

/opt/anaconda3/lib/python3.12/site-packages/sklearn/base.py:493: UserWarning:

X does not have valid feature names, but RandomForestRegressor was fitted with feature names

/opt/anaconda3/lib/python3.12/site-packages/sklearn/base.py:493: UserWarning:

X does not have valid feature names, but RandomForestRegressor was fitted with feature names

/opt/anaconda3/lib/python3.12/site-packages/sklearn/base.py:493: UserWarning:

X does not have valid feature names, but RandomForestRegressor was fitted with feature names

/opt/anaconda3/lib/python3.12/site-packages/sklearn/base.py:493: UserWarning:

X does not have valid feature names, but RandomForestRegressor was fitted with feature names

/opt/anaconda3/lib/python3.12/site-packages/sklearn/base.py:493: UserWarning:

X does not have valid feature names, but RandomForestRegressor was fitted with feature names

/opt/anaconda3/lib/python3.12/site-packages/sklearn/base.py:493: UserWarning:

X does not have valid feature names, but RandomForestRegressor was fitted with feature names

/opt/anaconda3/lib/python3.12/site-packages/sklearn/base.py:493: UserWarning:

X does not have valid feature names, but RandomForestRegressor was fitted with feature names

/opt/anaconda3/lib/python3.12/site-packages/sklearn/base.py:493: UserWarning:

X does not have valid feature names, but RandomForestRegressor was fitted with feature names

/opt/anaconda3/lib/python3.12/site-packages/sklearn/base.py:493: UserWarning:

X does not have valid feature names, but RandomForestRegressor was fitted with feature names

/opt/anaconda3/lib/python3.12/site-packages/sklearn/base.py:493: UserWarning:

X does not have valid feature names, but RandomForestRegressor was fitted with feature names

/opt/anaconda3/lib/python3.12/site-packages/sklearn/base.py:493: UserWarning:

X does not have valid feature names, but RandomForestRegressor was fitted with feature names

/opt/anaconda3/lib/python3.12/site-packages/sklearn/base.py:493: UserWarning:

X does not have valid feature names, but RandomForestRegressor was fitted with feature names

/opt/anaconda3/lib/python3.12/site-packages/sklearn/base.py:493: UserWarning:

X does not have valid feature names, but RandomForestRegressor was fitted with feature names

/opt/anaconda3/lib/python3.12/site-packages/sklearn/base.py:493: UserWarning:

X does not have valid feature names, but RandomForestRegressor was fitted with feature names

/opt/anaconda3/lib/python3.12/site-packages/sklearn/base.py:493: UserWarning:

X does not have valid feature names, but RandomForestRegressor was fitted with feature names

/opt/anaconda3/lib/python3.12/site-packages/sklearn/base.py:493: UserWarning:

X does not have valid feature names, but RandomForestRegressor was fitted with feature names

/opt/anaconda3/lib/python3.12/site-packages/sklearn/base.py:493: UserWarning:

X does not have valid feature names, but RandomForestRegressor was fitted with feature names

/opt/anaconda3/lib/python3.12/site-packages/sklearn/base.py:493: UserWarning:

X does not have valid feature names, but RandomForestRegressor was fitted with feature names

/opt/anaconda3/lib/python3.12/site-packages/sklearn/base.py:493: UserWarning:

X does not have valid feature names, but RandomForestRegressor was fitted with feature names

/opt/anaconda3/lib/python3.12/site-packages/sklearn/base.py:493: UserWarning:

X does not have valid feature names, but RandomForestRegressor was fitted with feature names

2025-12-11 08:15:07.911 Please replace `use_container_width` with `width`.

`use_container_width` will be removed after 2025-12-31.

For `use_container_width=True`, use `width='stretch'`. For `use_container_width=False`, use `width='content'`.
2025-12-11 08:15:08.264 Please replace `use_container_width` with `width`.

`use_container_width` will be removed after 2025-12-31.

For `use_container_width=True`, use `width='stretch'`. For `use_container_width=False`, use `width='content'`.
/opt/anaconda3/lib/python3.12/site-packages/sklearn/base.py:493: UserWarning:

X does not have valid feature names, but RandomForestRegressor was fitted with feature names

/opt/anaconda3/lib/python3.12/site-packages/sklearn/base.py:493: UserWarning:

X does not have valid feature names, but RandomForestRegressor was fitted with feature names

/opt/anaconda3/lib/python3.12/site-packages/sklearn/base.py:493: UserWarning:

X does not have valid feature names, but RandomForestRegressor was fitted with feature names

/opt/anaconda3/lib/python3.12/site-packages/sklearn/base.py:493: UserWarning:

X does not have valid feature names, but RandomForestRegressor was fitted with feature names

/opt/anaconda3/lib/python3.12/site-packages/sklearn/base.py:493: UserWarning:

X does not have valid feature names, but RandomForestRegressor was fitted with feature names

/opt/anaconda3/lib/python3.12/site-packages/sklearn/base.py:493: UserWarning:

X does not have valid feature names, but RandomForestRegressor was fitted with feature names

/opt/anaconda3/lib/python3.12/site-packages/sklearn/base.py:493: UserWarning:

X does not have valid feature names, but RandomForestRegressor was fitted with feature names

/opt/anaconda3/lib/python3.12/site-packages/sklearn/base.py:493: UserWarning:

X does not have valid feature names, but RandomForestRegressor was fitted with feature names

/opt/anaconda3/lib/python3.12/site-packages/sklearn/base.py:493: UserWarning:

X does not have valid feature names, but RandomForestRegressor was fitted with feature names

/opt/anaconda3/lib/python3.12/site-packages/sklearn/base.py:493: UserWarning:

X does not have valid feature names, but RandomForestRegressor was fitted with feature names

/opt/anaconda3/lib/python3.12/site-packages/sklearn/base.py:493: UserWarning:

X does not have valid feature names, but RandomForestRegressor was fitted with feature names

/opt/anaconda3/lib/python3.12/site-packages/sklearn/base.py:493: UserWarning:

X does not have valid feature names, but RandomForestRegressor was fitted with feature names

/opt/anaconda3/lib/python3.12/site-packages/sklearn/base.py:493: UserWarning:

X does not have valid feature names, but RandomForestRegressor was fitted with feature names

/opt/anaconda3/lib/python3.12/site-packages/sklearn/base.py:493: UserWarning:

X does not have valid feature names, but RandomForestRegressor was fitted with feature names

/opt/anaconda3/lib/python3.12/site-packages/sklearn/base.py:493: UserWarning:

X does not have valid feature names, but RandomForestRegressor was fitted with feature names

/opt/anaconda3/lib/python3.12/site-packages/sklearn/base.py:493: UserWarning:

X does not have valid feature names, but RandomForestRegressor was fitted with feature names

/opt/anaconda3/lib/python3.12/site-packages/sklearn/base.py:493: UserWarning:

X does not have valid feature names, but RandomForestRegressor was fitted with feature names

/opt/anaconda3/lib/python3.12/site-packages/sklearn/base.py:493: UserWarning:

X does not have valid feature names, but RandomForestRegressor was fitted with feature names

/opt/anaconda3/lib/python3.12/site-packages/sklearn/base.py:493: UserWarning:

X does not have valid feature names, but RandomForestRegressor was fitted with feature names

/opt/anaconda3/lib/python3.12/site-packages/sklearn/base.py:493: UserWarning:

X does not have valid feature names, but RandomForestRegressor was fitted with feature names

/opt/anaconda3/lib/python3.12/site-packages/sklearn/base.py:493: UserWarning:

X does not have valid feature names, but RandomForestRegressor was fitted with feature names

/opt/anaconda3/lib/python3.12/site-packages/sklearn/base.py:493: UserWarning:

X does not have valid feature names, but RandomForestRegressor was fitted with feature names

/opt/anaconda3/lib/python3.12/site-packages/sklearn/base.py:493: UserWarning:

X does not have valid feature names, but RandomForestRegressor was fitted with feature names

/opt/anaconda3/lib/python3.12/site-packages/sklearn/base.py:493: UserWarning:

X does not have valid feature names, but RandomForestRegressor was fitted with feature names

/opt/anaconda3/lib/python3.12/site-packages/sklearn/base.py:493: UserWarning:

X does not have valid feature names, but RandomForestRegressor was fitted with feature names

/opt/anaconda3/lib/python3.12/site-packages/sklearn/base.py:493: UserWarning:

X does not have valid feature names, but RandomForestRegressor was fitted with feature names

/opt/anaconda3/lib/python3.12/site-packages/sklearn/base.py:493: UserWarning:

X does not have valid feature names, but RandomForestRegressor was fitted with feature names

/opt/anaconda3/lib/python3.12/site-packages/sklearn/base.py:493: UserWarning:

X does not have valid feature names, but RandomForestRegressor was fitted with feature names

/opt/anaconda3/lib/python3.12/site-packages/sklearn/base.py:493: UserWarning:

X does not have valid feature names, but RandomForestRegressor was fitted with feature names

/opt/anaconda3/lib/python3.12/site-packages/sklearn/base.py:493: UserWarning:

X does not have valid feature names, but RandomForestRegressor was fitted with feature names

2025-12-11 08:15:09.263 Please replace `use_container_width` with `width`.

`use_container_width` will be removed after 2025-12-31.

For `use_container_width=True`, use `width='stretch'`. For `use_container_width=False`, use `width='content'`.
2025-12-11 08:15:13.777 Please replace `use_container_width` with `width`.

`use_container_width` will be removed after 2025-12-31.

For `use_container_width=True`, use `width='stretch'`. For `use_container_width=False`, use `width='content'`.
2025-12-11 08:15:13.866 Please replace `use_container_width` with `width`.

`use_container_width` will be removed after 2025-12-31.

For `use_container_width=True`, use `width='stretch'`. For `use_container_width=False`, use `width='content'`.
2025-12-11 08:15:13.917 Please replace `use_container_width` with `width`.

`use_container_width` will be removed after 2025-12-31.

For `use_container_width=True`, use `width='stretch'`. For `use_container_width=False`, use `width='content'`.
/Users/reo/Desktop/ãƒ†ã‚™ãƒ¼ã‚¿ã‚µã‚¤ã‚¨ãƒ³ã‚¹ãƒ»ãƒˆãƒƒãƒ•ã‚šãƒãƒã‚·ã‚™ãƒ¡ãƒ³ãƒˆè¬›ç¾©/streamlit_dashboard/app.py:1093: DeprecationWarning:

DataFrameGroupBy.apply operated on the grouping columns. This behavior is deprecated, and in a future version of pandas the grouping columns will be excluded from the operation. Either pass `include_groups=False` to exclude the groupings or explicitly select the grouping columns after groupby to silence this warning.

08:15:13 - cmdstanpy - INFO - Chain [1] start processing
08:15:22 - cmdstanpy - INFO - Chain [1] done processing
2025-12-11 08:15:22.540 Please replace `use_container_width` with `width`.

`use_container_width` will be removed after 2025-12-31.

For `use_container_width=True`, use `width='stretch'`. For `use_container_width=False`, use `width='content'`.
2025-12-11 08:15:22.702 Please replace `use_container_width` with `width`.

`use_container_width` will be removed after 2025-12-31.

For `use_container_width=True`, use `width='stretch'`. For `use_container_width=False`, use `width='content'`.
2025-12-11 08:15:22.909 Please replace `use_container_width` with `width`.

`use_container_width` will be removed after 2025-12-31.

For `use_container_width=True`, use `width='stretch'`. For `use_container_width=False`, use `width='content'`.
2025-12-11 08:15:29.324 Please replace `use_container_width` with `width`.

`use_container_width` will be removed after 2025-12-31.

For `use_container_width=True`, use `width='stretch'`. For `use_container_width=False`, use `width='content'`.
2025-12-11 08:15:29.371 Please replace `use_container_width` with `width`.

`use_container_width` will be removed after 2025-12-31.

For `use_container_width=True`, use `width='stretch'`. For `use_container_width=False`, use `width='content'`.
2025-12-11 08:15:29.408 Please replace `use_container_width` with `width`.

`use_container_width` will be removed after 2025-12-31.

For `use_container_width=True`, use `width='stretch'`. For `use_container_width=False`, use `width='content'`.
2025-12-11 08:15:29.439 Please replace `use_container_width` with `width`.

`use_container_width` will be removed after 2025-12-31.

For `use_container_width=True`, use `width='stretch'`. For `use_container_width=False`, use `width='content'`.
/Users/reo/Desktop/ãƒ†ã‚™ãƒ¼ã‚¿ã‚µã‚¤ã‚¨ãƒ³ã‚¹ãƒ»ãƒˆãƒƒãƒ•ã‚šãƒãƒã‚·ã‚™ãƒ¡ãƒ³ãƒˆè¬›ç¾©/streamlit_dashboard/app.py:1093: DeprecationWarning:

DataFrameGroupBy.apply operated on the grouping columns. This behavior is deprecated, and in a future version of pandas the grouping columns will be excluded from the operation. Either pass `include_groups=False` to exclude the groupings or explicitly select the grouping columns after groupby to silence this warning.

08:15:29 - cmdstanpy - INFO - Chain [1] start processing
08:15:33 - cmdstanpy - INFO - Chain [1] done processing
2025-12-11 08:15:33.497 Please replace `use_container_width` with `width`.

`use_container_width` will be removed after 2025-12-31.

For `use_container_width=True`, use `width='stretch'`. For `use_container_width=False`, use `width='content'`.
2025-12-11 08:15:33.548 Please replace `use_container_width` with `width`.

`use_container_width` will be removed after 2025-12-31.

For `use_container_width=True`, use `width='stretch'`. For `use_container_width=False`, use `width='content'`.
2025-12-11 08:15:33.613 Please replace `use_container_width` with `width`.

`use_container_width` will be removed after 2025-12-31.

For `use_container_width=True`, use `width='stretch'`. For `use_container_width=False`, use `width='content'`.
[31mâ”€â”€[0m[31mâ”€â”€â”€â”€â”€â”€â”€â”€â”€â”€â”€â”€â”€â”€â”€â”€â”€â”€â”€â”€â”€â”€â”€â”€[0m[31m [0m[1;31mTraceback [0m[1;2;31m(most recent call last)[0m[31m [0m[31mâ”€â”€â”€â”€â”€â”€â”€â”€â”€â”€â”€â”€â”€â”€â”€â”€â”€â”€â”€â”€â”€â”€â”€â”€â”€[0m[31mâ”€â”€[0m
[31m [0m [2;33m/opt/anaconda3/lib/python3.12/site-packages/streamlit/runtime/scriptrunner/[0m[1;33mexec_code[0m [31m [0m
[31m [0m [1;33m.py[0m:[94m129[0m in [92mexec_func_with_error_handling[0m                                             [31m [0m
[31m [0m                                                                                      [31m [0m
[31m [0m [2;33m/opt/anaconda3/lib/python3.12/site-packages/streamlit/runtime/scriptrunner/[0m[1;33mscript_ru[0m [31m [0m
[31m [0m [1;33mnner.py[0m:[94m669[0m in [92mcode_to_exec[0m                                                          [31m [0m
[31m [0m                                                                                      [31m [0m
[31m [0m [2;33m/Users/reo/Desktop/ãƒ†ã‚™ãƒ¼ã‚¿ã‚µã‚¤ã‚¨ãƒ³ã‚¹ãƒ»ãƒˆãƒƒãƒ•ã‚šãƒãƒã‚·ã‚™ãƒ¡ãƒ³ãƒˆè¬›ç¾©/streamlit_dashboard/[0m[1;33mapp.[0m [31m [0m
[31m [0m [1;33mpy[0m:[94m3285[0m in [92m<module>[0m                                                                  [31m [0m
[31m [0m                                                                                      [31m [0m
[31m [0m   [2m3282 [0m[2mâ”‚   â”‚   â”‚   â”‚   â”‚   â”‚   â”‚   â”‚   â”‚   â”‚   â”‚   â”‚   â”‚   [0msch_dur = st.number_input [31m [0m
[31m [0m   [2m3283 [0m[2mâ”‚   â”‚   â”‚   â”‚   â”‚   â”‚   â”‚   â”‚   â”‚   â”‚   â”‚   â”‚   â”‚   [0m                          [31m [0m
[31m [0m   [2m3284 [0m[2mâ”‚   â”‚   â”‚   â”‚   â”‚   â”‚   â”‚   â”‚   â”‚   â”‚   â”‚   â”‚   â”‚   [0m[94mif[0m st.button(t([33m"[0m[33mregister[0m[33m"[0m [31m [0m
[31m [0m [31mâ± [0m3285 [2mâ”‚   â”‚   â”‚   â”‚   â”‚   â”‚   â”‚   â”‚   â”‚   â”‚   â”‚   â”‚   â”‚   â”‚   [0mservice, error = goog [31m [0m
[31m [0m   [2m3286 [0m[2mâ”‚   â”‚   â”‚   â”‚   â”‚   â”‚   â”‚   â”‚   â”‚   â”‚   â”‚   â”‚   â”‚   â”‚   [0m[94mif[0m error:             [31m [0m
[31m [0m   [2m3287 [0m[2mâ”‚   â”‚   â”‚   â”‚   â”‚   â”‚   â”‚   â”‚   â”‚   â”‚   â”‚   â”‚   â”‚   â”‚   â”‚   [0mst.error(error)   [31m [0m
[31m [0m   [2m3288 [0m[2mâ”‚   â”‚   â”‚   â”‚   â”‚   â”‚   â”‚   â”‚   â”‚   â”‚   â”‚   â”‚   â”‚   â”‚   [0m[94melse[0m:                 [31m [0m
[31m [0m                                                                                      [31m [0m
[31m [0m [2;33m/Users/reo/Desktop/ãƒ†ã‚™ãƒ¼ã‚¿ã‚µã‚¤ã‚¨ãƒ³ã‚¹ãƒ»ãƒˆãƒƒãƒ•ã‚šãƒãƒã‚·ã‚™ãƒ¡ãƒ³ãƒˆè¬›ç¾©/streamlit_dashboard/[0m[1;33mgoog[0m [31m [0m
[31m [0m [1;33mle_calendar_utils.py[0m:[94m18[0m in [92mget_calendar_service[0m                                      [31m [0m
[31m [0m                                                                                      [31m [0m
[31m [0m   [2m15 [0m[2mâ”‚   [0m[2m# ---------------------------------------------------------[0m                 [31m [0m
[31m [0m   [2m16 [0m[2mâ”‚   [0m[2m# 1. Streamlit Cloudã®Secretsï¼ˆé‡‘åº«ï¼‰ã‚’ç¢ºèª[0m                                 [31m [0m
[31m [0m   [2m17 [0m[2mâ”‚   [0m[2m# ---------------------------------------------------------[0m                 [31m [0m
[31m [0m [31mâ± [0m18 [2mâ”‚   [0m[94mif[0m [33m"[0m[33mtoken[0m[33m"[0m [95min[0m st.secrets:                                                   [31m [0m
[31m [0m   [2m19 [0m[2mâ”‚   â”‚   [0m[94mtry[0m:                                                                    [31m [0m
[31m [0m   [2m20 [0m[2mâ”‚   â”‚   â”‚   [0mtoken_info = st.secrets[[33m"[0m[33mtoken[0m[33m"[0m]                                    [31m [0m
[31m [0m   [2m21 [0m[2mâ”‚   â”‚   â”‚   [0mcreds = Credentials(                                                [31m [0m
[31m [0m                                                                                      [31m [0m
[31m [0m [2;33m/opt/anaconda3/lib/python3.12/site-packages/streamlit/runtime/[0m[1;33msecrets.py[0m:[94m527[0m in      [31m [0m
[31m [0m [92m__contains__[0m                                                                         [31m [0m
[31m [0m                                                                                      [31m [0m
[31m [0m [2;33m/opt/anaconda3/lib/python3.12/site-packages/streamlit/runtime/[0m[1;33msecrets.py[0m:[94m376[0m in      [31m [0m
[31m [0m [92m_parse[0m                                                                               [31m [0m
[31mâ”€â”€â”€â”€â”€â”€â”€â”€â”€â”€â”€â”€â”€â”€â”€â”€â”€â”€â”€â”€â”€â”€â”€â”€â”€â”€â”€â”€â”€â”€â”€â”€â”€â”€â”€â”€â”€â”€â”€â”€â”€â”€â”€â”€â”€â”€â”€â”€â”€â”€â”€â”€â”€â”€â”€â”€â”€â”€â”€â”€â”€â”€â”€â”€â”€â”€â”€â”€â”€â”€â”€â”€â”€â”€â”€â”€â”€â”€â”€â”€â”€â”€â”€â”€â”€â”€â”€â”€[0m
[1;91mStreamlitSecretNotFoundError: [0mNo secrets found. Valid paths for a secrets.toml file or 
secret directories are: [35m/Users/reo/.streamlit/[0m[95msecrets.toml[0m, 
[35m/Users/reo/Desktop/[0m[95mãƒ†[0mã‚™ãƒ¼ã‚¿ã‚µã‚¤ã‚¨ãƒ³ã‚¹ãƒ»ãƒˆãƒƒãƒ•ã‚šãƒãƒã‚·ã‚™ãƒ¡ãƒ³ãƒˆè¬›ç¾©/.streamlit/secrets.toml, 
[35m/Users/reo/Desktop/[0m[95mãƒ†[0mã‚™ãƒ¼ã‚¿ã‚µã‚¤ã‚¨ãƒ³ã‚¹ãƒ»ãƒˆãƒƒãƒ•ã‚šãƒãƒã‚·ã‚™ãƒ¡ãƒ³ãƒˆè¬›ç¾©/streamlit_dashboard/.streaml
it/secrets.toml
2025-12-11 08:16:53.803 Please replace `use_container_width` with `width`.

`use_container_width` will be removed after 2025-12-31.

For `use_container_width=True`, use `width='stretch'`. For `use_container_width=False`, use `width='content'`.
2025-12-11 08:16:53.829 Please replace `use_container_width` with `width`.

`use_container_width` will be removed after 2025-12-31.

For `use_container_width=True`, use `width='stretch'`. For `use_container_width=False`, use `width='content'`.
2025-12-11 08:16:53.852 Please replace `use_container_width` with `width`.

`use_container_width` will be removed after 2025-12-31.

For `use_container_width=True`, use `width='stretch'`. For `use_container_width=False`, use `width='content'`.
2025-12-11 08:16:53.875 Please replace `use_container_width` with `width`.

`use_container_width` will be removed after 2025-12-31.

For `use_container_width=True`, use `width='stretch'`. For `use_container_width=False`, use `width='content'`.
/Users/reo/Desktop/ãƒ†ã‚™ãƒ¼ã‚¿ã‚µã‚¤ã‚¨ãƒ³ã‚¹ãƒ»ãƒˆãƒƒãƒ•ã‚šãƒãƒã‚·ã‚™ãƒ¡ãƒ³ãƒˆè¬›ç¾©/streamlit_dashboard/app.py:1093: DeprecationWarning:

DataFrameGroupBy.apply operated on the grouping columns. This behavior is deprecated, and in a future version of pandas the grouping columns will be excluded from the operation. Either pass `include_groups=False` to exclude the groupings or explicitly select the grouping columns after groupby to silence this warning.

08:16:53 - cmdstanpy - INFO - Chain [1] start processing
08:16:57 - cmdstanpy - INFO - Chain [1] done processing
2025-12-11 08:16:57.705 Please replace `use_container_width` with `width`.

`use_container_width` will be removed after 2025-12-31.

For `use_container_width=True`, use `width='stretch'`. For `use_container_width=False`, use `width='content'`.
2025-12-11 08:16:57.748 Please replace `use_container_width` with `width`.

`use_container_width` will be removed after 2025-12-31.

For `use_container_width=True`, use `width='stretch'`. For `use_container_width=False`, use `width='content'`.
2025-12-11 08:16:57.804 Please replace `use_container_width` with `width`.

`use_container_width` will be removed after 2025-12-31.

For `use_container_width=True`, use `width='stretch'`. For `use_container_width=False`, use `width='content'`.
2025-12-11 08:18:09.042 Please replace `use_container_width` with `width`.

`use_container_width` will be removed after 2025-12-31.

For `use_container_width=True`, use `width='stretch'`. For `use_container_width=False`, use `width='content'`.
/opt/anaconda3/lib/python3.12/site-packages/sklearn/base.py:493: UserWarning:

X does not have valid feature names, but RandomForestRegressor was fitted with feature names

/opt/anaconda3/lib/python3.12/site-packages/sklearn/base.py:493: UserWarning:

X does not have valid feature names, but RandomForestRegressor was fitted with feature names

/opt/anaconda3/lib/python3.12/site-packages/sklearn/base.py:493: UserWarning:

X does not have valid feature names, but RandomForestRegressor was fitted with feature names

/opt/anaconda3/lib/python3.12/site-packages/sklearn/base.py:493: UserWarning:

X does not have valid feature names, but RandomForestRegressor was fitted with feature names

/opt/anaconda3/lib/python3.12/site-packages/sklearn/base.py:493: UserWarning:

X does not have valid feature names, but RandomForestRegressor was fitted with feature names

/opt/anaconda3/lib/python3.12/site-packages/sklearn/base.py:493: UserWarning:

X does not have valid feature names, but RandomForestRegressor was fitted with feature names

/opt/anaconda3/lib/python3.12/site-packages/sklearn/base.py:493: UserWarning:

X does not have valid feature names, but RandomForestRegressor was fitted with feature names

/opt/anaconda3/lib/python3.12/site-packages/sklearn/base.py:493: UserWarning:

X does not have valid feature names, but RandomForestRegressor was fitted with feature names

/opt/anaconda3/lib/python3.12/site-packages/sklearn/base.py:493: UserWarning:

X does not have valid feature names, but RandomForestRegressor was fitted with feature names

/opt/anaconda3/lib/python3.12/site-packages/sklearn/base.py:493: UserWarning:

X does not have valid feature names, but RandomForestRegressor was fitted with feature names

/opt/anaconda3/lib/python3.12/site-packages/sklearn/base.py:493: UserWarning:

X does not have valid feature names, but RandomForestRegressor was fitted with feature names

/opt/anaconda3/lib/python3.12/site-packages/sklearn/base.py:493: UserWarning:

X does not have valid feature names, but RandomForestRegressor was fitted with feature names

/opt/anaconda3/lib/python3.12/site-packages/sklearn/base.py:493: UserWarning:

X does not have valid feature names, but RandomForestRegressor was fitted with feature names

/opt/anaconda3/lib/python3.12/site-packages/sklearn/base.py:493: UserWarning:

X does not have valid feature names, but RandomForestRegressor was fitted with feature names

/opt/anaconda3/lib/python3.12/site-packages/sklearn/base.py:493: UserWarning:

X does not have valid feature names, but RandomForestRegressor was fitted with feature names

/opt/anaconda3/lib/python3.12/site-packages/sklearn/base.py:493: UserWarning:

X does not have valid feature names, but RandomForestRegressor was fitted with feature names

/opt/anaconda3/lib/python3.12/site-packages/sklearn/base.py:493: UserWarning:

X does not have valid feature names, but RandomForestRegressor was fitted with feature names

/opt/anaconda3/lib/python3.12/site-packages/sklearn/base.py:493: UserWarning:

X does not have valid feature names, but RandomForestRegressor was fitted with feature names

/opt/anaconda3/lib/python3.12/site-packages/sklearn/base.py:493: UserWarning:

X does not have valid feature names, but RandomForestRegressor was fitted with feature names

/opt/anaconda3/lib/python3.12/site-packages/sklearn/base.py:493: UserWarning:

X does not have valid feature names, but RandomForestRegressor was fitted with feature names

/opt/anaconda3/lib/python3.12/site-packages/sklearn/base.py:493: UserWarning:

X does not have valid feature names, but RandomForestRegressor was fitted with feature names

/opt/anaconda3/lib/python3.12/site-packages/sklearn/base.py:493: UserWarning:

X does not have valid feature names, but RandomForestRegressor was fitted with feature names

/opt/anaconda3/lib/python3.12/site-packages/sklearn/base.py:493: UserWarning:

X does not have valid feature names, but RandomForestRegressor was fitted with feature names

/opt/anaconda3/lib/python3.12/site-packages/sklearn/base.py:493: UserWarning:

X does not have valid feature names, but RandomForestRegressor was fitted with feature names

/opt/anaconda3/lib/python3.12/site-packages/sklearn/base.py:493: UserWarning:

X does not have valid feature names, but RandomForestRegressor was fitted with feature names

/opt/anaconda3/lib/python3.12/site-packages/sklearn/base.py:493: UserWarning:

X does not have valid feature names, but RandomForestRegressor was fitted with feature names

/opt/anaconda3/lib/python3.12/site-packages/sklearn/base.py:493: UserWarning:

X does not have valid feature names, but RandomForestRegressor was fitted with feature names

/opt/anaconda3/lib/python3.12/site-packages/sklearn/base.py:493: UserWarning:

X does not have valid feature names, but RandomForestRegressor was fitted with feature names

/opt/anaconda3/lib/python3.12/site-packages/sklearn/base.py:493: UserWarning:

X does not have valid feature names, but RandomForestRegressor was fitted with feature names

/opt/anaconda3/lib/python3.12/site-packages/sklearn/base.py:493: UserWarning:

X does not have valid feature names, but RandomForestRegressor was fitted with feature names

/opt/anaconda3/lib/python3.12/site-packages/sklearn/base.py:493: UserWarning:

X does not have valid feature names, but RandomForestRegressor was fitted with feature names

2025-12-11 08:18:10.228 Please replace `use_container_width` with `width`.

`use_container_width` will be removed after 2025-12-31.

For `use_container_width=True`, use `width='stretch'`. For `use_container_width=False`, use `width='content'`.
2025-12-11 08:18:10.260 Please replace `use_container_width` with `width`.

`use_container_width` will be removed after 2025-12-31.

For `use_container_width=True`, use `width='stretch'`. For `use_container_width=False`, use `width='content'`.
/opt/anaconda3/lib/python3.12/site-packages/sklearn/base.py:493: UserWarning:

X does not have valid feature names, but RandomForestRegressor was fitted with feature names

/opt/anaconda3/lib/python3.12/site-packages/sklearn/base.py:493: UserWarning:

X does not have valid feature names, but RandomForestRegressor was fitted with feature names

/opt/anaconda3/lib/python3.12/site-packages/sklearn/base.py:493: UserWarning:

X does not have valid feature names, but RandomForestRegressor was fitted with feature names

/opt/anaconda3/lib/python3.12/site-packages/sklearn/base.py:493: UserWarning:

X does not have valid feature names, but RandomForestRegressor was fitted with feature names

/opt/anaconda3/lib/python3.12/site-packages/sklearn/base.py:493: UserWarning:

X does not have valid feature names, but RandomForestRegressor was fitted with feature names

/opt/anaconda3/lib/python3.12/site-packages/sklearn/base.py:493: UserWarning:

X does not have valid feature names, but RandomForestRegressor was fitted with feature names

/opt/anaconda3/lib/python3.12/site-packages/sklearn/base.py:493: UserWarning:

X does not have valid feature names, but RandomForestRegressor was fitted with feature names

/opt/anaconda3/lib/python3.12/site-packages/sklearn/base.py:493: UserWarning:

X does not have valid feature names, but RandomForestRegressor was fitted with feature names

/opt/anaconda3/lib/python3.12/site-packages/sklearn/base.py:493: UserWarning:

X does not have valid feature names, but RandomForestRegressor was fitted with feature names

/opt/anaconda3/lib/python3.12/site-packages/sklearn/base.py:493: UserWarning:

X does not have valid feature names, but RandomForestRegressor was fitted with feature names

/opt/anaconda3/lib/python3.12/site-packages/sklearn/base.py:493: UserWarning:

X does not have valid feature names, but RandomForestRegressor was fitted with feature names

/opt/anaconda3/lib/python3.12/site-packages/sklearn/base.py:493: UserWarning:

X does not have valid feature names, but RandomForestRegressor was fitted with feature names

/opt/anaconda3/lib/python3.12/site-packages/sklearn/base.py:493: UserWarning:

X does not have valid feature names, but RandomForestRegressor was fitted with feature names

/opt/anaconda3/lib/python3.12/site-packages/sklearn/base.py:493: UserWarning:

X does not have valid feature names, but RandomForestRegressor was fitted with feature names

/opt/anaconda3/lib/python3.12/site-packages/sklearn/base.py:493: UserWarning:

X does not have valid feature names, but RandomForestRegressor was fitted with feature names

/opt/anaconda3/lib/python3.12/site-packages/sklearn/base.py:493: UserWarning:

X does not have valid feature names, but RandomForestRegressor was fitted with feature names

/opt/anaconda3/lib/python3.12/site-packages/sklearn/base.py:493: UserWarning:

X does not have valid feature names, but RandomForestRegressor was fitted with feature names

/opt/anaconda3/lib/python3.12/site-packages/sklearn/base.py:493: UserWarning:

X does not have valid feature names, but RandomForestRegressor was fitted with feature names

/opt/anaconda3/lib/python3.12/site-packages/sklearn/base.py:493: UserWarning:

X does not have valid feature names, but RandomForestRegressor was fitted with feature names

/opt/anaconda3/lib/python3.12/site-packages/sklearn/base.py:493: UserWarning:

X does not have valid feature names, but RandomForestRegressor was fitted with feature names

/opt/anaconda3/lib/python3.12/site-packages/sklearn/base.py:493: UserWarning:

X does not have valid feature names, but RandomForestRegressor was fitted with feature names

/opt/anaconda3/lib/python3.12/site-packages/sklearn/base.py:493: UserWarning:

X does not have valid feature names, but RandomForestRegressor was fitted with feature names

/opt/anaconda3/lib/python3.12/site-packages/sklearn/base.py:493: UserWarning:

X does not have valid feature names, but RandomForestRegressor was fitted with feature names

/opt/anaconda3/lib/python3.12/site-packages/sklearn/base.py:493: UserWarning:

X does not have valid feature names, but RandomForestRegressor was fitted with feature names

/opt/anaconda3/lib/python3.12/site-packages/sklearn/base.py:493: UserWarning:

X does not have valid feature names, but RandomForestRegressor was fitted with feature names

/opt/anaconda3/lib/python3.12/site-packages/sklearn/base.py:493: UserWarning:

X does not have valid feature names, but RandomForestRegressor was fitted with feature names

/opt/anaconda3/lib/python3.12/site-packages/sklearn/base.py:493: UserWarning:

X does not have valid feature names, but RandomForestRegressor was fitted with feature names

/opt/anaconda3/lib/python3.12/site-packages/sklearn/base.py:493: UserWarning:

X does not have valid feature names, but RandomForestRegressor was fitted with feature names

/opt/anaconda3/lib/python3.12/site-packages/sklearn/base.py:493: UserWarning:

X does not have valid feature names, but RandomForestRegressor was fitted with feature names

/opt/anaconda3/lib/python3.12/site-packages/sklearn/base.py:493: UserWarning:

X does not have valid feature names, but RandomForestRegressor was fitted with feature names

2025-12-11 08:18:10.821 Please replace `use_container_width` with `width`.

`use_container_width` will be removed after 2025-12-31.

For `use_container_width=True`, use `width='stretch'`. For `use_container_width=False`, use `width='content'`.
/opt/anaconda3/lib/python3.12/site-packages/sklearn/base.py:493: UserWarning:

X does not have valid feature names, but RandomForestRegressor was fitted with feature names

/opt/anaconda3/lib/python3.12/site-packages/sklearn/base.py:493: UserWarning:

X does not have valid feature names, but RandomForestRegressor was fitted with feature names

/opt/anaconda3/lib/python3.12/site-packages/sklearn/base.py:493: UserWarning:

X does not have valid feature names, but RandomForestRegressor was fitted with feature names

/opt/anaconda3/lib/python3.12/site-packages/sklearn/base.py:493: UserWarning:

X does not have valid feature names, but RandomForestRegressor was fitted with feature names

/opt/anaconda3/lib/python3.12/site-packages/sklearn/base.py:493: UserWarning:

X does not have valid feature names, but RandomForestRegressor was fitted with feature names

/opt/anaconda3/lib/python3.12/site-packages/sklearn/base.py:493: UserWarning:

X does not have valid feature names, but RandomForestRegressor was fitted with feature names

/opt/anaconda3/lib/python3.12/site-packages/sklearn/base.py:493: UserWarning:

X does not have valid feature names, but RandomForestRegressor was fitted with feature names

/opt/anaconda3/lib/python3.12/site-packages/sklearn/base.py:493: UserWarning:

X does not have valid feature names, but RandomForestRegressor was fitted with feature names

/opt/anaconda3/lib/python3.12/site-packages/sklearn/base.py:493: UserWarning:

X does not have valid feature names, but RandomForestRegressor was fitted with feature names

/opt/anaconda3/lib/python3.12/site-packages/sklearn/base.py:493: UserWarning:

X does not have valid feature names, but RandomForestRegressor was fitted with feature names

/opt/anaconda3/lib/python3.12/site-packages/sklearn/base.py:493: UserWarning:

X does not have valid feature names, but RandomForestRegressor was fitted with feature names

/opt/anaconda3/lib/python3.12/site-packages/sklearn/base.py:493: UserWarning:

X does not have valid feature names, but RandomForestRegressor was fitted with feature names

/opt/anaconda3/lib/python3.12/site-packages/sklearn/base.py:493: UserWarning:

X does not have valid feature names, but RandomForestRegressor was fitted with feature names

/opt/anaconda3/lib/python3.12/site-packages/sklearn/base.py:493: UserWarning:

X does not have valid feature names, but RandomForestRegressor was fitted with feature names

/opt/anaconda3/lib/python3.12/site-packages/sklearn/base.py:493: UserWarning:

X does not have valid feature names, but RandomForestRegressor was fitted with feature names

/opt/anaconda3/lib/python3.12/site-packages/sklearn/base.py:493: UserWarning:

X does not have valid feature names, but RandomForestRegressor was fitted with feature names

/opt/anaconda3/lib/python3.12/site-packages/sklearn/base.py:493: UserWarning:

X does not have valid feature names, but RandomForestRegressor was fitted with feature names

/opt/anaconda3/lib/python3.12/site-packages/sklearn/base.py:493: UserWarning:

X does not have valid feature names, but RandomForestRegressor was fitted with feature names

/opt/anaconda3/lib/python3.12/site-packages/sklearn/base.py:493: UserWarning:

X does not have valid feature names, but RandomForestRegressor was fitted with feature names

/opt/anaconda3/lib/python3.12/site-packages/sklearn/base.py:493: UserWarning:

X does not have valid feature names, but RandomForestRegressor was fitted with feature names

/opt/anaconda3/lib/python3.12/site-packages/sklearn/base.py:493: UserWarning:

X does not have valid feature names, but RandomForestRegressor was fitted with feature names

/opt/anaconda3/lib/python3.12/site-packages/sklearn/base.py:493: UserWarning:

X does not have valid feature names, but RandomForestRegressor was fitted with feature names

/opt/anaconda3/lib/python3.12/site-packages/sklearn/base.py:493: UserWarning:

X does not have valid feature names, but RandomForestRegressor was fitted with feature names

/opt/anaconda3/lib/python3.12/site-packages/sklearn/base.py:493: UserWarning:

X does not have valid feature names, but RandomForestRegressor was fitted with feature names

/opt/anaconda3/lib/python3.12/site-packages/sklearn/base.py:493: UserWarning:

X does not have valid feature names, but RandomForestRegressor was fitted with feature names

/opt/anaconda3/lib/python3.12/site-packages/sklearn/base.py:493: UserWarning:

X does not have valid feature names, but RandomForestRegressor was fitted with feature names

/opt/anaconda3/lib/python3.12/site-packages/sklearn/base.py:493: UserWarning:

X does not have valid feature names, but RandomForestRegressor was fitted with feature names

/opt/anaconda3/lib/python3.12/site-packages/sklearn/base.py:493: UserWarning:

X does not have valid feature names, but RandomForestRegressor was fitted with feature names

/opt/anaconda3/lib/python3.12/site-packages/sklearn/base.py:493: UserWarning:

X does not have valid feature names, but RandomForestRegressor was fitted with feature names

/opt/anaconda3/lib/python3.12/site-packages/sklearn/base.py:493: UserWarning:

X does not have valid feature names, but RandomForestRegressor was fitted with feature names

/opt/anaconda3/lib/python3.12/site-packages/sklearn/base.py:493: UserWarning:

X does not have valid feature names, but RandomForestRegressor was fitted with feature names

2025-12-11 08:18:21.190 Please replace `use_container_width` with `width`.

`use_container_width` will be removed after 2025-12-31.

For `use_container_width=True`, use `width='stretch'`. For `use_container_width=False`, use `width='content'`.
2025-12-11 08:18:21.214 Please replace `use_container_width` with `width`.

`use_container_width` will be removed after 2025-12-31.

For `use_container_width=True`, use `width='stretch'`. For `use_container_width=False`, use `width='content'`.
/opt/anaconda3/lib/python3.12/site-packages/sklearn/base.py:493: UserWarning:

X does not have valid feature names, but RandomForestRegressor was fitted with feature names

/opt/anaconda3/lib/python3.12/site-packages/sklearn/base.py:493: UserWarning:

X does not have valid feature names, but RandomForestRegressor was fitted with feature names

/opt/anaconda3/lib/python3.12/site-packages/sklearn/base.py:493: UserWarning:

X does not have valid feature names, but RandomForestRegressor was fitted with feature names

/opt/anaconda3/lib/python3.12/site-packages/sklearn/base.py:493: UserWarning:

X does not have valid feature names, but RandomForestRegressor was fitted with feature names

/opt/anaconda3/lib/python3.12/site-packages/sklearn/base.py:493: UserWarning:

X does not have valid feature names, but RandomForestRegressor was fitted with feature names

/opt/anaconda3/lib/python3.12/site-packages/sklearn/base.py:493: UserWarning:

X does not have valid feature names, but RandomForestRegressor was fitted with feature names

/opt/anaconda3/lib/python3.12/site-packages/sklearn/base.py:493: UserWarning:

X does not have valid feature names, but RandomForestRegressor was fitted with feature names

/opt/anaconda3/lib/python3.12/site-packages/sklearn/base.py:493: UserWarning:

X does not have valid feature names, but RandomForestRegressor was fitted with feature names

/opt/anaconda3/lib/python3.12/site-packages/sklearn/base.py:493: UserWarning:

X does not have valid feature names, but RandomForestRegressor was fitted with feature names

/opt/anaconda3/lib/python3.12/site-packages/sklearn/base.py:493: UserWarning:

X does not have valid feature names, but RandomForestRegressor was fitted with feature names

/opt/anaconda3/lib/python3.12/site-packages/sklearn/base.py:493: UserWarning:

X does not have valid feature names, but RandomForestRegressor was fitted with feature names

/opt/anaconda3/lib/python3.12/site-packages/sklearn/base.py:493: UserWarning:

X does not have valid feature names, but RandomForestRegressor was fitted with feature names

/opt/anaconda3/lib/python3.12/site-packages/sklearn/base.py:493: UserWarning:

X does not have valid feature names, but RandomForestRegressor was fitted with feature names

/opt/anaconda3/lib/python3.12/site-packages/sklearn/base.py:493: UserWarning:

X does not have valid feature names, but RandomForestRegressor was fitted with feature names

/opt/anaconda3/lib/python3.12/site-packages/sklearn/base.py:493: UserWarning:

X does not have valid feature names, but RandomForestRegressor was fitted with feature names

/opt/anaconda3/lib/python3.12/site-packages/sklearn/base.py:493: UserWarning:

X does not have valid feature names, but RandomForestRegressor was fitted with feature names

/opt/anaconda3/lib/python3.12/site-packages/sklearn/base.py:493: UserWarning:

X does not have valid feature names, but RandomForestRegressor was fitted with feature names

/opt/anaconda3/lib/python3.12/site-packages/sklearn/base.py:493: UserWarning:

X does not have valid feature names, but RandomForestRegressor was fitted with feature names

/opt/anaconda3/lib/python3.12/site-packages/sklearn/base.py:493: UserWarning:

X does not have valid feature names, but RandomForestRegressor was fitted with feature names

/opt/anaconda3/lib/python3.12/site-packages/sklearn/base.py:493: UserWarning:

X does not have valid feature names, but RandomForestRegressor was fitted with feature names

/opt/anaconda3/lib/python3.12/site-packages/sklearn/base.py:493: UserWarning:

X does not have valid feature names, but RandomForestRegressor was fitted with feature names

/opt/anaconda3/lib/python3.12/site-packages/sklearn/base.py:493: UserWarning:

X does not have valid feature names, but RandomForestRegressor was fitted with feature names

/opt/anaconda3/lib/python3.12/site-packages/sklearn/base.py:493: UserWarning:

X does not have valid feature names, but RandomForestRegressor was fitted with feature names

/opt/anaconda3/lib/python3.12/site-packages/sklearn/base.py:493: UserWarning:

X does not have valid feature names, but RandomForestRegressor was fitted with feature names

/opt/anaconda3/lib/python3.12/site-packages/sklearn/base.py:493: UserWarning:

X does not have valid feature names, but RandomForestRegressor was fitted with feature names

/opt/anaconda3/lib/python3.12/site-packages/sklearn/base.py:493: UserWarning:

X does not have valid feature names, but RandomForestRegressor was fitted with feature names

/opt/anaconda3/lib/python3.12/site-packages/sklearn/base.py:493: UserWarning:

X does not have valid feature names, but RandomForestRegressor was fitted with feature names

/opt/anaconda3/lib/python3.12/site-packages/sklearn/base.py:493: UserWarning:

X does not have valid feature names, but RandomForestRegressor was fitted with feature names

/opt/anaconda3/lib/python3.12/site-packages/sklearn/base.py:493: UserWarning:

X does not have valid feature names, but RandomForestRegressor was fitted with feature names

/opt/anaconda3/lib/python3.12/site-packages/sklearn/base.py:493: UserWarning:

X does not have valid feature names, but RandomForestRegressor was fitted with feature names

2025-12-11 08:18:21.740 Please replace `use_container_width` with `width`.

`use_container_width` will be removed after 2025-12-31.

For `use_container_width=True`, use `width='stretch'`. For `use_container_width=False`, use `width='content'`.
/Users/reo/Desktop/ãƒ†ã‚™ãƒ¼ã‚¿ã‚µã‚¤ã‚¨ãƒ³ã‚¹ãƒ»ãƒˆãƒƒãƒ•ã‚šãƒãƒã‚·ã‚™ãƒ¡ãƒ³ãƒˆè¬›ç¾©/streamlit_dashboard/app.py:1148: DeprecationWarning:

Substituting font arial by core font helvetica - This is deprecated since v2.7.8, and will soon be removed

/Users/reo/Desktop/ãƒ†ã‚™ãƒ¼ã‚¿ã‚µã‚¤ã‚¨ãƒ³ã‚¹ãƒ»ãƒˆãƒƒãƒ•ã‚šãƒãƒã‚·ã‚™ãƒ¡ãƒ³ãƒˆè¬›ç¾©/streamlit_dashboard/app.py:1149: DeprecationWarning:

The parameter "ln" is deprecated since v2.5.2. Instead of ln=1 use new_x=XPos.LMARGIN, new_y=YPos.NEXT.

/Users/reo/Desktop/ãƒ†ã‚™ãƒ¼ã‚¿ã‚µã‚¤ã‚¨ãƒ³ã‚¹ãƒ»ãƒˆãƒƒãƒ•ã‚šãƒãƒã‚·ã‚™ãƒ¡ãƒ³ãƒˆè¬›ç¾©/streamlit_dashboard/app.py:1160: DeprecationWarning:

Substituting font arial by core font helvetica - This is deprecated since v2.7.8, and will soon be removed

[31mâ”€â”€[0m[31mâ”€â”€â”€â”€â”€â”€â”€â”€â”€â”€â”€â”€â”€â”€â”€â”€â”€â”€â”€â”€â”€â”€â”€â”€[0m[31m [0m[1;31mTraceback [0m[1;2;31m(most recent call last)[0m[31m [0m[31mâ”€â”€â”€â”€â”€â”€â”€â”€â”€â”€â”€â”€â”€â”€â”€â”€â”€â”€â”€â”€â”€â”€â”€â”€â”€[0m[31mâ”€â”€[0m
[31m [0m [2;33m/Users/reo/Desktop/ãƒ†ã‚™ãƒ¼ã‚¿ã‚µã‚¤ã‚¨ãƒ³ã‚¹ãƒ»ãƒˆãƒƒãƒ•ã‚šãƒãƒã‚·ã‚™ãƒ¡ãƒ³ãƒˆè¬›ç¾©/streamlit_dashboard/[0m[1;33mapp.[0m [31m [0m
[31m [0m [1;33mpy[0m:[94m1172[0m in [92mgenerate_pdf_report[0m                                                       [31m [0m
[31m [0m                                                                                      [31m [0m
[31m [0m   [2m1169 [0m[2mâ”‚   â”‚   â”‚   â”‚   [0m[94mtry[0m:                                                          [31m [0m
[31m [0m   [2m1170 [0m[2mâ”‚   â”‚   â”‚   â”‚   â”‚   [0m[2m# Latin-1ã§ã‚¨ãƒ³ã‚³ãƒ¼ãƒ‰å¯èƒ½ãªæ–‡å­—ã®ã¿ä½¿ç”¨[0m                   [31m [0m
[31m [0m   [2m1171 [0m[2mâ”‚   â”‚   â”‚   â”‚   â”‚   [0msafe_line = line.encode([33m'[0m[33mlatin-1[0m[33m'[0m, [33m'[0m[33mignore[0m[33m'[0m).decode([33m'[0m[33mlati[0m [31m [0m
[31m [0m [31mâ± [0m1172 [2mâ”‚   â”‚   â”‚   â”‚   â”‚   [0mpdf.multi_cell([94m0[0m, [94m5[0m, safe_line)                           [31m [0m
[31m [0m   [2m1173 [0m[2mâ”‚   â”‚   â”‚   â”‚   [0m[94mexcept[0m:                                                       [31m [0m
[31m [0m   [2m1174 [0m[2mâ”‚   â”‚   â”‚   â”‚   â”‚   [0m[2m# ã‚¨ãƒ³ã‚³ãƒ¼ãƒ‰ã‚¨ãƒ©ãƒ¼ã®å ´åˆã¯ã‚¹ã‚­ãƒƒãƒ—[0m                        [31m [0m
[31m [0m   [2m1175 [0m[2mâ”‚   â”‚   â”‚   â”‚   â”‚   [0mpdf.multi_cell([94m0[0m, [94m5[0m, [33m"[0m[33m[Japanese text][0m[33m"[0m)                   [31m [0m
[31m [0m                                                                                      [31m [0m
[31m [0m [2;33m/opt/anaconda3/lib/python3.12/site-packages/fpdf/[0m[1;33mfpdf.py[0m:[94m242[0m in [92mwrapper[0m              [31m [0m
[31m [0m                                                                                      [31m [0m
[31m [0m   [2m 239 [0m[2mâ”‚   [0m[94mdef[0m [92mwrapper[0m([96mself[0m, *args, **kwargs):                                       [31m [0m
[31m [0m   [2m 240 [0m[2mâ”‚   â”‚   [0m[94mif[0m [95mnot[0m [96mself[0m.page [95mand[0m [95mnot[0m (kwargs.get([33m"[0m[33mdry_run[0m[33m"[0m) [95mor[0m kwargs.get([33m"[0m[33msplit_[0m [31m [0m
[31m [0m   [2m 241 [0m[2mâ”‚   â”‚   â”‚   [0m[94mraise[0m FPDFException([33m"[0m[33mNo page open, you need to call add_page() fi[0m [31m [0m
[31m [0m [31mâ± [0m 242 [2mâ”‚   â”‚   [0m[94mreturn[0m fn([96mself[0m, *args, **kwargs)                                      [31m [0m
[31m [0m   [2m 243 [0m[2mâ”‚   [0m                                                                          [31m [0m
[31m [0m   [2m 244 [0m[2mâ”‚   [0m[94mreturn[0m wrapper                                                            [31m [0m
[31m [0m   [2m 245 [0m                                                                              [31m [0m
[31m [0m                                                                                      [31m [0m
[31m [0m [2;33m/opt/anaconda3/lib/python3.12/site-packages/fpdf/[0m[1;33mdeprecation.py[0m:[94m32[0m in [92mwrapper[0m        [31m [0m
[31m [0m                                                                                      [31m [0m
[31m [0m   [2m 29 [0m[2mâ”‚   â”‚   â”‚   â”‚   [0m[96mDeprecationWarning[0m,                                            [31m [0m
[31m [0m   [2m 30 [0m[2mâ”‚   â”‚   â”‚   â”‚   [0mstacklevel=get_stack_level(),                                  [31m [0m
[31m [0m   [2m 31 [0m[2mâ”‚   â”‚   â”‚   [0m)                                                                  [31m [0m
[31m [0m [31mâ± [0m 32 [2mâ”‚   â”‚   [0m[94mreturn[0m fn([96mself[0m, *args, **kwargs)                                       [31m [0m
[31m [0m   [2m 33 [0m[2mâ”‚   [0m                                                                           [31m [0m
[31m [0m   [2m 34 [0m[2mâ”‚   [0m[94mreturn[0m wrapper                                                             [31m [0m
[31m [0m   [2m 35 [0m                                                                               [31m [0m
[31m [0m                                                                                      [31m [0m
[31m [0m [2;33m/opt/anaconda3/lib/python3.12/site-packages/fpdf/[0m[1;33mfpdf.py[0m:[94m4550[0m in [92mmulti_cell[0m          [31m [0m
[31m [0m                                                                                      [31m [0m
[31m [0m   [2m4547 [0m[2mâ”‚   â”‚   [0mtext_line = multi_line_break.get_line()                               [31m [0m
[31m [0m   [2m4548 [0m[2mâ”‚   â”‚   [0m[94mwhile[0m (text_line) [95mis[0m [95mnot[0m [94mNone[0m:                                        [31m [0m
[31m [0m   [2m4549 [0m[2mâ”‚   â”‚   â”‚   [0mtext_lines.append(text_line)                                      [31m [0m
[31m [0m [31mâ± [0m4550 [2mâ”‚   â”‚   â”‚   [0mtext_line = multi_line_break.get_line()                           [31m [0m
[31m [0m   [2m4551 [0m[2mâ”‚   â”‚   [0m                                                                      [31m [0m
[31m [0m   [2m4552 [0m[2mâ”‚   â”‚   [0m[94mif[0m [95mnot[0m text_lines:  [2m# ensure we display at least one cell - cf. issue[0m [31m [0m
[31m [0m   [2m4553 [0m[2mâ”‚   â”‚   â”‚   [0mtext_lines = [                                                    [31m [0m
[31m [0m                                                                                      [31m [0m
[31m [0m [2;33m/opt/anaconda3/lib/python3.12/site-packages/fpdf/[0m[1;33mline_break.py[0m:[94m792[0m in [92mget_line[0m       [31m [0m
[31m [0m                                                                                      [31m [0m
[31m [0m   [2m789 [0m[2mâ”‚   â”‚   â”‚   â”‚   â”‚   [0m[96mself[0m.character_index += [94m1[0m                                  [31m [0m
[31m [0m   [2m790 [0m[2mâ”‚   â”‚   â”‚   â”‚   â”‚   [0m[94mreturn[0m line                                                [31m [0m
[31m [0m   [2m791 [0m[2mâ”‚   â”‚   â”‚   â”‚   [0m[94mif[0m idx_last_forced_break == [96mself[0m.character_index:              [31m [0m
[31m [0m [31mâ± [0m792 [2mâ”‚   â”‚   â”‚   â”‚   â”‚   [0m[94mraise[0m FPDFException(                                       [31m [0m
[31m [0m   [2m793 [0m[2mâ”‚   â”‚   â”‚   â”‚   â”‚   â”‚   [0m[33m"[0m[33mNot enough horizontal space to render a single charac[0m [31m [0m
[31m [0m   [2m794 [0m[2mâ”‚   â”‚   â”‚   â”‚   â”‚   [0m)                                                          [31m [0m
[31m [0m   [2m795 [0m[2mâ”‚   â”‚   â”‚   â”‚   [0m[96mself[0m.idx_last_forced_break = [96mself[0m.character_index              [31m [0m
[31mâ”€â”€â”€â”€â”€â”€â”€â”€â”€â”€â”€â”€â”€â”€â”€â”€â”€â”€â”€â”€â”€â”€â”€â”€â”€â”€â”€â”€â”€â”€â”€â”€â”€â”€â”€â”€â”€â”€â”€â”€â”€â”€â”€â”€â”€â”€â”€â”€â”€â”€â”€â”€â”€â”€â”€â”€â”€â”€â”€â”€â”€â”€â”€â”€â”€â”€â”€â”€â”€â”€â”€â”€â”€â”€â”€â”€â”€â”€â”€â”€â”€â”€â”€â”€â”€â”€â”€â”€[0m
[1;91mFPDFException: [0mNot enough horizontal space to render a single character

[3mDuring handling of the above exception, another exception occurred:[0m

[31mâ”€â”€[0m[31mâ”€â”€â”€â”€â”€â”€â”€â”€â”€â”€â”€â”€â”€â”€â”€â”€â”€â”€â”€â”€â”€â”€â”€â”€[0m[31m [0m[1;31mTraceback [0m[1;2;31m(most recent call last)[0m[31m [0m[31mâ”€â”€â”€â”€â”€â”€â”€â”€â”€â”€â”€â”€â”€â”€â”€â”€â”€â”€â”€â”€â”€â”€â”€â”€â”€[0m[31mâ”€â”€[0m
[31m [0m [2;33m/opt/anaconda3/lib/python3.12/site-packages/streamlit/runtime/scriptrunner/[0m[1;33mexec_code[0m [31m [0m
[31m [0m [1;33m.py[0m:[94m129[0m in [92mexec_func_with_error_handling[0m                                             [31m [0m
[31m [0m                                                                                      [31m [0m
[31m [0m [2;33m/opt/anaconda3/lib/python3.12/site-packages/streamlit/runtime/scriptrunner/[0m[1;33mscript_ru[0m [31m [0m
[31m [0m [1;33mnner.py[0m:[94m669[0m in [92mcode_to_exec[0m                                                          [31m [0m
[31m [0m                                                                                      [31m [0m
[31m [0m [2;33m/Users/reo/Desktop/ãƒ†ã‚™ãƒ¼ã‚¿ã‚µã‚¤ã‚¨ãƒ³ã‚¹ãƒ»ãƒˆãƒƒãƒ•ã‚šãƒãƒã‚·ã‚™ãƒ¡ãƒ³ãƒˆè¬›ç¾©/streamlit_dashboard/[0m[1;33mapp.[0m [31m [0m
[31m [0m [1;33mpy[0m:[94m4108[0m in [92m<module>[0m                                                                  [31m [0m
[31m [0m                                                                                      [31m [0m
[31m [0m   [2m4105 [0m[2mâ”‚   â”‚   [0m                                                                      [31m [0m
[31m [0m   [2m4106 [0m[2mâ”‚   â”‚   [0m[94mwith[0m col_dl2:                                                         [31m [0m
[31m [0m   [2m4107 [0m[2mâ”‚   â”‚   â”‚   [0m[2m# PDFå‡ºåŠ›[0m                                                         [31m [0m
[31m [0m [31mâ± [0m4108 [2mâ”‚   â”‚   â”‚   [0mpdf_data = generate_pdf_report(report, st.session_state.current_u [31m [0m
[31m [0m   [2m4109 [0m[2mâ”‚   â”‚   â”‚   [0m[94mif[0m pdf_data:                                                      [31m [0m
[31m [0m   [2m4110 [0m[2mâ”‚   â”‚   â”‚   â”‚   [0mst.download_button(                                           [31m [0m
[31m [0m   [2m4111 [0m[2mâ”‚   â”‚   â”‚   â”‚   â”‚   [0mlabel=t([33m"[0m[33mdownload_pdf[0m[33m"[0m),                                  [31m [0m
[31m [0m                                                                                      [31m [0m
[31m [0m [2;33m/Users/reo/Desktop/ãƒ†ã‚™ãƒ¼ã‚¿ã‚µã‚¤ã‚¨ãƒ³ã‚¹ãƒ»ãƒˆãƒƒãƒ•ã‚šãƒãƒã‚·ã‚™ãƒ¡ãƒ³ãƒˆè¬›ç¾©/streamlit_dashboard/[0m[1;33mapp.[0m [31m [0m
[31m [0m [1;33mpy[0m:[94m1175[0m in [92mgenerate_pdf_report[0m                                                       [31m [0m
[31m [0m                                                                                      [31m [0m
[31m [0m   [2m1172 [0m[2mâ”‚   â”‚   â”‚   â”‚   â”‚   [0mpdf.multi_cell([94m0[0m, [94m5[0m, safe_line)                           [31m [0m
[31m [0m   [2m1173 [0m[2mâ”‚   â”‚   â”‚   â”‚   [0m[94mexcept[0m:                                                       [31m [0m
[31m [0m   [2m1174 [0m[2mâ”‚   â”‚   â”‚   â”‚   â”‚   [0m[2m# ã‚¨ãƒ³ã‚³ãƒ¼ãƒ‰ã‚¨ãƒ©ãƒ¼ã®å ´åˆã¯ã‚¹ã‚­ãƒƒãƒ—[0m                        [31m [0m
[31m [0m [31mâ± [0m1175 [2mâ”‚   â”‚   â”‚   â”‚   â”‚   [0mpdf.multi_cell([94m0[0m, [94m5[0m, [33m"[0m[33m[Japanese text][0m[33m"[0m)                   [31m [0m
[31m [0m   [2m1176 [0m[2mâ”‚   â”‚   â”‚   [0m[94melse[0m:                                                             [31m [0m
[31m [0m   [2m1177 [0m[2mâ”‚   â”‚   â”‚   â”‚   [0mpdf.ln([94m2[0m)                                                     [31m [0m
[31m [0m   [2m1178 [0m                                                                              [31m [0m
[31m [0m                                                                                      [31m [0m
[31m [0m [2;33m/opt/anaconda3/lib/python3.12/site-packages/fpdf/[0m[1;33mfpdf.py[0m:[94m242[0m in [92mwrapper[0m              [31m [0m
[31m [0m                                                                                      [31m [0m
[31m [0m   [2m 239 [0m[2mâ”‚   [0m[94mdef[0m [92mwrapper[0m([96mself[0m, *args, **kwargs):                                       [31m [0m
[31m [0m   [2m 240 [0m[2mâ”‚   â”‚   [0m[94mif[0m [95mnot[0m [96mself[0m.page [95mand[0m [95mnot[0m (kwargs.get([33m"[0m[33mdry_run[0m[33m"[0m) [95mor[0m kwargs.get([33m"[0m[33msplit_[0m [31m [0m
[31m [0m   [2m 241 [0m[2mâ”‚   â”‚   â”‚   [0m[94mraise[0m FPDFException([33m"[0m[33mNo page open, you need to call add_page() fi[0m [31m [0m
[31m [0m [31mâ± [0m 242 [2mâ”‚   â”‚   [0m[94mreturn[0m fn([96mself[0m, *args, **kwargs)                                      [31m [0m
[31m [0m   [2m 243 [0m[2mâ”‚   [0m                                                                          [31m [0m
[31m [0m   [2m 244 [0m[2mâ”‚   [0m[94mreturn[0m wrapper                                                            [31m [0m
[31m [0m   [2m 245 [0m                                                                              [31m [0m
[31m [0m                                                                                      [31m [0m
[31m [0m [2;33m/opt/anaconda3/lib/python3.12/site-packages/fpdf/[0m[1;33mdeprecation.py[0m:[94m32[0m in [92mwrapper[0m        [31m [0m
[31m [0m                                                                                      [31m [0m
[31m [0m   [2m 29 [0m[2mâ”‚   â”‚   â”‚   â”‚   [0m[96mDeprecationWarning[0m,                                            [31m [0m
[31m [0m   [2m 30 [0m[2mâ”‚   â”‚   â”‚   â”‚   [0mstacklevel=get_stack_level(),                                  [31m [0m
[31m [0m   [2m 31 [0m[2mâ”‚   â”‚   â”‚   [0m)                                                                  [31m [0m
[31m [0m [31mâ± [0m 32 [2mâ”‚   â”‚   [0m[94mreturn[0m fn([96mself[0m, *args, **kwargs)                                       [31m [0m
[31m [0m   [2m 33 [0m[2mâ”‚   [0m                                                                           [31m [0m
[31m [0m   [2m 34 [0m[2mâ”‚   [0m[94mreturn[0m wrapper                                                             [31m [0m
[31m [0m   [2m 35 [0m                                                                               [31m [0m
[31m [0m                                                                                      [31m [0m
[31m [0m [2;33m/opt/anaconda3/lib/python3.12/site-packages/fpdf/[0m[1;33mfpdf.py[0m:[94m4550[0m in [92mmulti_cell[0m          [31m [0m
[31m [0m                                                                                      [31m [0m
[31m [0m   [2m4547 [0m[2mâ”‚   â”‚   [0mtext_line = multi_line_break.get_line()                               [31m [0m
[31m [0m   [2m4548 [0m[2mâ”‚   â”‚   [0m[94mwhile[0m (text_line) [95mis[0m [95mnot[0m [94mNone[0m:                                        [31m [0m
[31m [0m   [2m4549 [0m[2mâ”‚   â”‚   â”‚   [0mtext_lines.append(text_line)                                      [31m [0m
[31m [0m [31mâ± [0m4550 [2mâ”‚   â”‚   â”‚   [0mtext_line = multi_line_break.get_line()                           [31m [0m
[31m [0m   [2m4551 [0m[2mâ”‚   â”‚   [0m                                                                      [31m [0m
[31m [0m   [2m4552 [0m[2mâ”‚   â”‚   [0m[94mif[0m [95mnot[0m text_lines:  [2m# ensure we display at least one cell - cf. issue[0m [31m [0m
[31m [0m   [2m4553 [0m[2mâ”‚   â”‚   â”‚   [0mtext_lines = [                                                    [31m [0m
[31m [0m                                                                                      [31m [0m
[31m [0m [2;33m/opt/anaconda3/lib/python3.12/site-packages/fpdf/[0m[1;33mline_break.py[0m:[94m792[0m in [92mget_line[0m       [31m [0m
[31m [0m                                                                                      [31m [0m
[31m [0m   [2m789 [0m[2mâ”‚   â”‚   â”‚   â”‚   â”‚   [0m[96mself[0m.character_index += [94m1[0m                                  [31m [0m
[31m [0m   [2m790 [0m[2mâ”‚   â”‚   â”‚   â”‚   â”‚   [0m[94mreturn[0m line                                                [31m [0m
[31m [0m   [2m791 [0m[2mâ”‚   â”‚   â”‚   â”‚   [0m[94mif[0m idx_last_forced_break == [96mself[0m.character_index:              [31m [0m
[31m [0m [31mâ± [0m792 [2mâ”‚   â”‚   â”‚   â”‚   â”‚   [0m[94mraise[0m FPDFException(                                       [31m [0m
[31m [0m   [2m793 [0m[2mâ”‚   â”‚   â”‚   â”‚   â”‚   â”‚   [0m[33m"[0m[33mNot enough horizontal space to render a single charac[0m [31m [0m
[31m [0m   [2m794 [0m[2mâ”‚   â”‚   â”‚   â”‚   â”‚   [0m)                                                          [31m [0m
[31m [0m   [2m795 [0m[2mâ”‚   â”‚   â”‚   â”‚   [0m[96mself[0m.idx_last_forced_break = [96mself[0m.character_index              [31m [0m
[31mâ”€â”€â”€â”€â”€â”€â”€â”€â”€â”€â”€â”€â”€â”€â”€â”€â”€â”€â”€â”€â”€â”€â”€â”€â”€â”€â”€â”€â”€â”€â”€â”€â”€â”€â”€â”€â”€â”€â”€â”€â”€â”€â”€â”€â”€â”€â”€â”€â”€â”€â”€â”€â”€â”€â”€â”€â”€â”€â”€â”€â”€â”€â”€â”€â”€â”€â”€â”€â”€â”€â”€â”€â”€â”€â”€â”€â”€â”€â”€â”€â”€â”€â”€â”€â”€â”€â”€â”€[0m
[1;91mFPDFException: [0mNot enough horizontal space to render a single character
/Users/reo/Desktop/ãƒ†ã‚™ãƒ¼ã‚¿ã‚µã‚¤ã‚¨ãƒ³ã‚¹ãƒ»ãƒˆãƒƒãƒ•ã‚šãƒãƒã‚·ã‚™ãƒ¡ãƒ³ãƒˆè¬›ç¾©/streamlit_dashboard/app.py:1148: DeprecationWarning:

Substituting font arial by core font helvetica - This is deprecated since v2.7.8, and will soon be removed

/Users/reo/Desktop/ãƒ†ã‚™ãƒ¼ã‚¿ã‚µã‚¤ã‚¨ãƒ³ã‚¹ãƒ»ãƒˆãƒƒãƒ•ã‚šãƒãƒã‚·ã‚™ãƒ¡ãƒ³ãƒˆè¬›ç¾©/streamlit_dashboard/app.py:1149: DeprecationWarning:

The parameter "ln" is deprecated since v2.5.2. Instead of ln=1 use new_x=XPos.LMARGIN, new_y=YPos.NEXT.

/Users/reo/Desktop/ãƒ†ã‚™ãƒ¼ã‚¿ã‚µã‚¤ã‚¨ãƒ³ã‚¹ãƒ»ãƒˆãƒƒãƒ•ã‚šãƒãƒã‚·ã‚™ãƒ¡ãƒ³ãƒˆè¬›ç¾©/streamlit_dashboard/app.py:1160: DeprecationWarning:

Substituting font arial by core font helvetica - This is deprecated since v2.7.8, and will soon be removed

[31mâ”€â”€[0m[31mâ”€â”€â”€â”€â”€â”€â”€â”€â”€â”€â”€â”€â”€â”€â”€â”€â”€â”€â”€â”€â”€â”€â”€â”€[0m[31m [0m[1;31mTraceback [0m[1;2;31m(most recent call last)[0m[31m [0m[31mâ”€â”€â”€â”€â”€â”€â”€â”€â”€â”€â”€â”€â”€â”€â”€â”€â”€â”€â”€â”€â”€â”€â”€â”€â”€[0m[31mâ”€â”€[0m
[31m [0m [2;33m/Users/reo/Desktop/ãƒ†ã‚™ãƒ¼ã‚¿ã‚µã‚¤ã‚¨ãƒ³ã‚¹ãƒ»ãƒˆãƒƒãƒ•ã‚šãƒãƒã‚·ã‚™ãƒ¡ãƒ³ãƒˆè¬›ç¾©/streamlit_dashboard/[0m[1;33mapp.[0m [31m [0m
[31m [0m [1;33mpy[0m:[94m1172[0m in [92mgenerate_pdf_report[0m                                                       [31m [0m
[31m [0m                                                                                      [31m [0m
[31m [0m   [2m1169 [0m[2mâ”‚   â”‚   â”‚   â”‚   [0m[94mtry[0m:                                                          [31m [0m
[31m [0m   [2m1170 [0m[2mâ”‚   â”‚   â”‚   â”‚   â”‚   [0m[2m# Latin-1ã§ã‚¨ãƒ³ã‚³ãƒ¼ãƒ‰å¯èƒ½ãªæ–‡å­—ã®ã¿ä½¿ç”¨[0m                   [31m [0m
[31m [0m   [2m1171 [0m[2mâ”‚   â”‚   â”‚   â”‚   â”‚   [0msafe_line = line.encode([33m'[0m[33mlatin-1[0m[33m'[0m, [33m'[0m[33mignore[0m[33m'[0m).decode([33m'[0m[33mlati[0m [31m [0m
[31m [0m [31mâ± [0m1172 [2mâ”‚   â”‚   â”‚   â”‚   â”‚   [0mpdf.multi_cell([94m0[0m, [94m5[0m, safe_line)                           [31m [0m
[31m [0m   [2m1173 [0m[2mâ”‚   â”‚   â”‚   â”‚   [0m[94mexcept[0m:                                                       [31m [0m
[31m [0m   [2m1174 [0m[2mâ”‚   â”‚   â”‚   â”‚   â”‚   [0m[2m# ã‚¨ãƒ³ã‚³ãƒ¼ãƒ‰ã‚¨ãƒ©ãƒ¼ã®å ´åˆã¯ã‚¹ã‚­ãƒƒãƒ—[0m                        [31m [0m
[31m [0m   [2m1175 [0m[2mâ”‚   â”‚   â”‚   â”‚   â”‚   [0mpdf.multi_cell([94m0[0m, [94m5[0m, [33m"[0m[33m[Japanese text][0m[33m"[0m)                   [31m [0m
[31m [0m                                                                                      [31m [0m
[31m [0m [2;33m/opt/anaconda3/lib/python3.12/site-packages/fpdf/[0m[1;33mfpdf.py[0m:[94m242[0m in [92mwrapper[0m              [31m [0m
[31m [0m                                                                                      [31m [0m
[31m [0m   [2m 239 [0m[2mâ”‚   [0m[94mdef[0m [92mwrapper[0m([96mself[0m, *args, **kwargs):                                       [31m [0m
[31m [0m   [2m 240 [0m[2mâ”‚   â”‚   [0m[94mif[0m [95mnot[0m [96mself[0m.page [95mand[0m [95mnot[0m (kwargs.get([33m"[0m[33mdry_run[0m[33m"[0m) [95mor[0m kwargs.get([33m"[0m[33msplit_[0m [31m [0m
[31m [0m   [2m 241 [0m[2mâ”‚   â”‚   â”‚   [0m[94mraise[0m FPDFException([33m"[0m[33mNo page open, you need to call add_page() fi[0m [31m [0m
[31m [0m [31mâ± [0m 242 [2mâ”‚   â”‚   [0m[94mreturn[0m fn([96mself[0m, *args, **kwargs)                                      [31m [0m
[31m [0m   [2m 243 [0m[2mâ”‚   [0m                                                                          [31m [0m
[31m [0m   [2m 244 [0m[2mâ”‚   [0m[94mreturn[0m wrapper                                                            [31m [0m
[31m [0m   [2m 245 [0m                                                                              [31m [0m
[31m [0m                                                                                      [31m [0m
[31m [0m [2;33m/opt/anaconda3/lib/python3.12/site-packages/fpdf/[0m[1;33mdeprecation.py[0m:[94m32[0m in [92mwrapper[0m        [31m [0m
[31m [0m                                                                                      [31m [0m
[31m [0m   [2m 29 [0m[2mâ”‚   â”‚   â”‚   â”‚   [0m[96mDeprecationWarning[0m,                                            [31m [0m
[31m [0m   [2m 30 [0m[2mâ”‚   â”‚   â”‚   â”‚   [0mstacklevel=get_stack_level(),                                  [31m [0m
[31m [0m   [2m 31 [0m[2mâ”‚   â”‚   â”‚   [0m)                                                                  [31m [0m
[31m [0m [31mâ± [0m 32 [2mâ”‚   â”‚   [0m[94mreturn[0m fn([96mself[0m, *args, **kwargs)                                       [31m [0m
[31m [0m   [2m 33 [0m[2mâ”‚   [0m                                                                           [31m [0m
[31m [0m   [2m 34 [0m[2mâ”‚   [0m[94mreturn[0m wrapper                                                             [31m [0m
[31m [0m   [2m 35 [0m                                                                               [31m [0m
[31m [0m                                                                                      [31m [0m
[31m [0m [2;33m/opt/anaconda3/lib/python3.12/site-packages/fpdf/[0m[1;33mfpdf.py[0m:[94m4550[0m in [92mmulti_cell[0m          [31m [0m
[31m [0m                                                                                      [31m [0m
[31m [0m   [2m4547 [0m[2mâ”‚   â”‚   [0mtext_line = multi_line_break.get_line()                               [31m [0m
[31m [0m   [2m4548 [0m[2mâ”‚   â”‚   [0m[94mwhile[0m (text_line) [95mis[0m [95mnot[0m [94mNone[0m:                                        [31m [0m
[31m [0m   [2m4549 [0m[2mâ”‚   â”‚   â”‚   [0mtext_lines.append(text_line)                                      [31m [0m
[31m [0m [31mâ± [0m4550 [2mâ”‚   â”‚   â”‚   [0mtext_line = multi_line_break.get_line()                           [31m [0m
[31m [0m   [2m4551 [0m[2mâ”‚   â”‚   [0m                                                                      [31m [0m
[31m [0m   [2m4552 [0m[2mâ”‚   â”‚   [0m[94mif[0m [95mnot[0m text_lines:  [2m# ensure we display at least one cell - cf. issue[0m [31m [0m
[31m [0m   [2m4553 [0m[2mâ”‚   â”‚   â”‚   [0mtext_lines = [                                                    [31m [0m
[31m [0m                                                                                      [31m [0m
[31m [0m [2;33m/opt/anaconda3/lib/python3.12/site-packages/fpdf/[0m[1;33mline_break.py[0m:[94m792[0m in [92mget_line[0m       [31m [0m
[31m [0m                                                                                      [31m [0m
[31m [0m   [2m789 [0m[2mâ”‚   â”‚   â”‚   â”‚   â”‚   [0m[96mself[0m.character_index += [94m1[0m                                  [31m [0m
[31m [0m   [2m790 [0m[2mâ”‚   â”‚   â”‚   â”‚   â”‚   [0m[94mreturn[0m line                                                [31m [0m
[31m [0m   [2m791 [0m[2mâ”‚   â”‚   â”‚   â”‚   [0m[94mif[0m idx_last_forced_break == [96mself[0m.character_index:              [31m [0m
[31m [0m [31mâ± [0m792 [2mâ”‚   â”‚   â”‚   â”‚   â”‚   [0m[94mraise[0m FPDFException(                                       [31m [0m
[31m [0m   [2m793 [0m[2mâ”‚   â”‚   â”‚   â”‚   â”‚   â”‚   [0m[33m"[0m[33mNot enough horizontal space to render a single charac[0m [31m [0m
[31m [0m   [2m794 [0m[2mâ”‚   â”‚   â”‚   â”‚   â”‚   [0m)                                                          [31m [0m
[31m [0m   [2m795 [0m[2mâ”‚   â”‚   â”‚   â”‚   [0m[96mself[0m.idx_last_forced_break = [96mself[0m.character_index              [31m [0m
[31mâ”€â”€â”€â”€â”€â”€â”€â”€â”€â”€â”€â”€â”€â”€â”€â”€â”€â”€â”€â”€â”€â”€â”€â”€â”€â”€â”€â”€â”€â”€â”€â”€â”€â”€â”€â”€â”€â”€â”€â”€â”€â”€â”€â”€â”€â”€â”€â”€â”€â”€â”€â”€â”€â”€â”€â”€â”€â”€â”€â”€â”€â”€â”€â”€â”€â”€â”€â”€â”€â”€â”€â”€â”€â”€â”€â”€â”€â”€â”€â”€â”€â”€â”€â”€â”€â”€â”€â”€[0m
[1;91mFPDFException: [0mNot enough horizontal space to render a single character

[3mDuring handling of the above exception, another exception occurred:[0m

[31mâ”€â”€[0m[31mâ”€â”€â”€â”€â”€â”€â”€â”€â”€â”€â”€â”€â”€â”€â”€â”€â”€â”€â”€â”€â”€â”€â”€â”€[0m[31m [0m[1;31mTraceback [0m[1;2;31m(most recent call last)[0m[31m [0m[31mâ”€â”€â”€â”€â”€â”€â”€â”€â”€â”€â”€â”€â”€â”€â”€â”€â”€â”€â”€â”€â”€â”€â”€â”€â”€[0m[31mâ”€â”€[0m
[31m [0m [2;33m/opt/anaconda3/lib/python3.12/site-packages/streamlit/runtime/scriptrunner/[0m[1;33mexec_code[0m [31m [0m
[31m [0m [1;33m.py[0m:[94m129[0m in [92mexec_func_with_error_handling[0m                                             [31m [0m
[31m [0m                                                                                      [31m [0m
[31m [0m [2;33m/opt/anaconda3/lib/python3.12/site-packages/streamlit/runtime/scriptrunner/[0m[1;33mscript_ru[0m [31m [0m
[31m [0m [1;33mnner.py[0m:[94m669[0m in [92mcode_to_exec[0m                                                          [31m [0m
[31m [0m                                                                                      [31m [0m
[31m [0m [2;33m/Users/reo/Desktop/ãƒ†ã‚™ãƒ¼ã‚¿ã‚µã‚¤ã‚¨ãƒ³ã‚¹ãƒ»ãƒˆãƒƒãƒ•ã‚šãƒãƒã‚·ã‚™ãƒ¡ãƒ³ãƒˆè¬›ç¾©/streamlit_dashboard/[0m[1;33mapp.[0m [31m [0m
[31m [0m [1;33mpy[0m:[94m4108[0m in [92m<module>[0m                                                                  [31m [0m
[31m [0m                                                                                      [31m [0m
[31m [0m   [2m4105 [0m[2mâ”‚   â”‚   [0m                                                                      [31m [0m
[31m [0m   [2m4106 [0m[2mâ”‚   â”‚   [0m[94mwith[0m col_dl2:                                                         [31m [0m
[31m [0m   [2m4107 [0m[2mâ”‚   â”‚   â”‚   [0m[2m# PDFå‡ºåŠ›[0m                                                         [31m [0m
[31m [0m [31mâ± [0m4108 [2mâ”‚   â”‚   â”‚   [0mpdf_data = generate_pdf_report(report, st.session_state.current_u [31m [0m
[31m [0m   [2m4109 [0m[2mâ”‚   â”‚   â”‚   [0m[94mif[0m pdf_data:                                                      [31m [0m
[31m [0m   [2m4110 [0m[2mâ”‚   â”‚   â”‚   â”‚   [0mst.download_button(                                           [31m [0m
[31m [0m   [2m4111 [0m[2mâ”‚   â”‚   â”‚   â”‚   â”‚   [0mlabel=t([33m"[0m[33mdownload_pdf[0m[33m"[0m),                                  [31m [0m
[31m [0m                                                                                      [31m [0m
[31m [0m [2;33m/Users/reo/Desktop/ãƒ†ã‚™ãƒ¼ã‚¿ã‚µã‚¤ã‚¨ãƒ³ã‚¹ãƒ»ãƒˆãƒƒãƒ•ã‚šãƒãƒã‚·ã‚™ãƒ¡ãƒ³ãƒˆè¬›ç¾©/streamlit_dashboard/[0m[1;33mapp.[0m [31m [0m
[31m [0m [1;33mpy[0m:[94m1175[0m in [92mgenerate_pdf_report[0m                                                       [31m [0m
[31m [0m                                                                                      [31m [0m
[31m [0m   [2m1172 [0m[2mâ”‚   â”‚   â”‚   â”‚   â”‚   [0mpdf.multi_cell([94m0[0m, [94m5[0m, safe_line)                           [31m [0m
[31m [0m   [2m1173 [0m[2mâ”‚   â”‚   â”‚   â”‚   [0m[94mexcept[0m:                                                       [31m [0m
[31m [0m   [2m1174 [0m[2mâ”‚   â”‚   â”‚   â”‚   â”‚   [0m[2m# ã‚¨ãƒ³ã‚³ãƒ¼ãƒ‰ã‚¨ãƒ©ãƒ¼ã®å ´åˆã¯ã‚¹ã‚­ãƒƒãƒ—[0m                        [31m [0m
[31m [0m [31mâ± [0m1175 [2mâ”‚   â”‚   â”‚   â”‚   â”‚   [0mpdf.multi_cell([94m0[0m, [94m5[0m, [33m"[0m[33m[Japanese text][0m[33m"[0m)                   [31m [0m
[31m [0m   [2m1176 [0m[2mâ”‚   â”‚   â”‚   [0m[94melse[0m:                                                             [31m [0m
[31m [0m   [2m1177 [0m[2mâ”‚   â”‚   â”‚   â”‚   [0mpdf.ln([94m2[0m)                                                     [31m [0m
[31m [0m   [2m1178 [0m                                                                              [31m [0m
[31m [0m                                                                                      [31m [0m
[31m [0m [2;33m/opt/anaconda3/lib/python3.12/site-packages/fpdf/[0m[1;33mfpdf.py[0m:[94m242[0m in [92mwrapper[0m              [31m [0m
[31m [0m                                                                                      [31m [0m
[31m [0m   [2m 239 [0m[2mâ”‚   [0m[94mdef[0m [92mwrapper[0m([96mself[0m, *args, **kwargs):                                       [31m [0m
[31m [0m   [2m 240 [0m[2mâ”‚   â”‚   [0m[94mif[0m [95mnot[0m [96mself[0m.page [95mand[0m [95mnot[0m (kwargs.get([33m"[0m[33mdry_run[0m[33m"[0m) [95mor[0m kwargs.get([33m"[0m[33msplit_[0m [31m [0m
[31m [0m   [2m 241 [0m[2mâ”‚   â”‚   â”‚   [0m[94mraise[0m FPDFException([33m"[0m[33mNo page open, you need to call add_page() fi[0m [31m [0m
[31m [0m [31mâ± [0m 242 [2mâ”‚   â”‚   [0m[94mreturn[0m fn([96mself[0m, *args, **kwargs)                                      [31m [0m
[31m [0m   [2m 243 [0m[2mâ”‚   [0m                                                                          [31m [0m
[31m [0m   [2m 244 [0m[2mâ”‚   [0m[94mreturn[0m wrapper                                                            [31m [0m
[31m [0m   [2m 245 [0m                                                                              [31m [0m
[31m [0m                                                                                      [31m [0m
[31m [0m [2;33m/opt/anaconda3/lib/python3.12/site-packages/fpdf/[0m[1;33mdeprecation.py[0m:[94m32[0m in [92mwrapper[0m        [31m [0m
[31m [0m                                                                                      [31m [0m
[31m [0m   [2m 29 [0m[2mâ”‚   â”‚   â”‚   â”‚   [0m[96mDeprecationWarning[0m,                                            [31m [0m
[31m [0m   [2m 30 [0m[2mâ”‚   â”‚   â”‚   â”‚   [0mstacklevel=get_stack_level(),                                  [31m [0m
[31m [0m   [2m 31 [0m[2mâ”‚   â”‚   â”‚   [0m)                                                                  [31m [0m
[31m [0m [31mâ± [0m 32 [2mâ”‚   â”‚   [0m[94mreturn[0m fn([96mself[0m, *args, **kwargs)                                       [31m [0m
[31m [0m   [2m 33 [0m[2mâ”‚   [0m                                                                           [31m [0m
[31m [0m   [2m 34 [0m[2mâ”‚   [0m[94mreturn[0m wrapper                                                             [31m [0m
[31m [0m   [2m 35 [0m                                                                               [31m [0m
[31m [0m                                                                                      [31m [0m
[31m [0m [2;33m/opt/anaconda3/lib/python3.12/site-packages/fpdf/[0m[1;33mfpdf.py[0m:[94m4550[0m in [92mmulti_cell[0m          [31m [0m
[31m [0m                                                                                      [31m [0m
[31m [0m   [2m4547 [0m[2mâ”‚   â”‚   [0mtext_line = multi_line_break.get_line()                               [31m [0m
[31m [0m   [2m4548 [0m[2mâ”‚   â”‚   [0m[94mwhile[0m (text_line) [95mis[0m [95mnot[0m [94mNone[0m:                                        [31m [0m
[31m [0m   [2m4549 [0m[2mâ”‚   â”‚   â”‚   [0mtext_lines.append(text_line)                                      [31m [0m
[31m [0m [31mâ± [0m4550 [2mâ”‚   â”‚   â”‚   [0mtext_line = multi_line_break.get_line()                           [31m [0m
[31m [0m   [2m4551 [0m[2mâ”‚   â”‚   [0m                                                                      [31m [0m
[31m [0m   [2m4552 [0m[2mâ”‚   â”‚   [0m[94mif[0m [95mnot[0m text_lines:  [2m# ensure we display at least one cell - cf. issue[0m [31m [0m
[31m [0m   [2m4553 [0m[2mâ”‚   â”‚   â”‚   [0mtext_lines = [                                                    [31m [0m
[31m [0m                                                                                      [31m [0m
[31m [0m [2;33m/opt/anaconda3/lib/python3.12/site-packages/fpdf/[0m[1;33mline_break.py[0m:[94m792[0m in [92mget_line[0m       [31m [0m
[31m [0m                                                                                      [31m [0m
[31m [0m   [2m789 [0m[2mâ”‚   â”‚   â”‚   â”‚   â”‚   [0m[96mself[0m.character_index += [94m1[0m                                  [31m [0m
[31m [0m   [2m790 [0m[2mâ”‚   â”‚   â”‚   â”‚   â”‚   [0m[94mreturn[0m line                                                [31m [0m
[31m [0m   [2m791 [0m[2mâ”‚   â”‚   â”‚   â”‚   [0m[94mif[0m idx_last_forced_break == [96mself[0m.character_index:              [31m [0m
[31m [0m [31mâ± [0m792 [2mâ”‚   â”‚   â”‚   â”‚   â”‚   [0m[94mraise[0m FPDFException(                                       [31m [0m
[31m [0m   [2m793 [0m[2mâ”‚   â”‚   â”‚   â”‚   â”‚   â”‚   [0m[33m"[0m[33mNot enough horizontal space to render a single charac[0m [31m [0m
[31m [0m   [2m794 [0m[2mâ”‚   â”‚   â”‚   â”‚   â”‚   [0m)                                                          [31m [0m
[31m [0m   [2m795 [0m[2mâ”‚   â”‚   â”‚   â”‚   [0m[96mself[0m.idx_last_forced_break = [96mself[0m.character_index              [31m [0m
[31mâ”€â”€â”€â”€â”€â”€â”€â”€â”€â”€â”€â”€â”€â”€â”€â”€â”€â”€â”€â”€â”€â”€â”€â”€â”€â”€â”€â”€â”€â”€â”€â”€â”€â”€â”€â”€â”€â”€â”€â”€â”€â”€â”€â”€â”€â”€â”€â”€â”€â”€â”€â”€â”€â”€â”€â”€â”€â”€â”€â”€â”€â”€â”€â”€â”€â”€â”€â”€â”€â”€â”€â”€â”€â”€â”€â”€â”€â”€â”€â”€â”€â”€â”€â”€â”€â”€â”€â”€[0m
[1;91mFPDFException: [0mNot enough horizontal space to render a single character
2025-12-11 08:19:35.576 Please replace `use_container_width` with `width`.

`use_container_width` will be removed after 2025-12-31.

For `use_container_width=True`, use `width='stretch'`. For `use_container_width=False`, use `width='content'`.
/opt/anaconda3/lib/python3.12/site-packages/sklearn/base.py:493: UserWarning:

X does not have valid feature names, but RandomForestRegressor was fitted with feature names

/opt/anaconda3/lib/python3.12/site-packages/sklearn/base.py:493: UserWarning:

X does not have valid feature names, but RandomForestRegressor was fitted with feature names

/opt/anaconda3/lib/python3.12/site-packages/sklearn/base.py:493: UserWarning:

X does not have valid feature names, but RandomForestRegressor was fitted with feature names

/opt/anaconda3/lib/python3.12/site-packages/sklearn/base.py:493: UserWarning:

X does not have valid feature names, but RandomForestRegressor was fitted with feature names

/opt/anaconda3/lib/python3.12/site-packages/sklearn/base.py:493: UserWarning:

X does not have valid feature names, but RandomForestRegressor was fitted with feature names

/opt/anaconda3/lib/python3.12/site-packages/sklearn/base.py:493: UserWarning:

X does not have valid feature names, but RandomForestRegressor was fitted with feature names

/opt/anaconda3/lib/python3.12/site-packages/sklearn/base.py:493: UserWarning:

X does not have valid feature names, but RandomForestRegressor was fitted with feature names

/opt/anaconda3/lib/python3.12/site-packages/sklearn/base.py:493: UserWarning:

X does not have valid feature names, but RandomForestRegressor was fitted with feature names

/opt/anaconda3/lib/python3.12/site-packages/sklearn/base.py:493: UserWarning:

X does not have valid feature names, but RandomForestRegressor was fitted with feature names

/opt/anaconda3/lib/python3.12/site-packages/sklearn/base.py:493: UserWarning:

X does not have valid feature names, but RandomForestRegressor was fitted with feature names

/opt/anaconda3/lib/python3.12/site-packages/sklearn/base.py:493: UserWarning:

X does not have valid feature names, but RandomForestRegressor was fitted with feature names

/opt/anaconda3/lib/python3.12/site-packages/sklearn/base.py:493: UserWarning:

X does not have valid feature names, but RandomForestRegressor was fitted with feature names

/opt/anaconda3/lib/python3.12/site-packages/sklearn/base.py:493: UserWarning:

X does not have valid feature names, but RandomForestRegressor was fitted with feature names

/opt/anaconda3/lib/python3.12/site-packages/sklearn/base.py:493: UserWarning:

X does not have valid feature names, but RandomForestRegressor was fitted with feature names

/opt/anaconda3/lib/python3.12/site-packages/sklearn/base.py:493: UserWarning:

X does not have valid feature names, but RandomForestRegressor was fitted with feature names

/opt/anaconda3/lib/python3.12/site-packages/sklearn/base.py:493: UserWarning:

X does not have valid feature names, but RandomForestRegressor was fitted with feature names

/opt/anaconda3/lib/python3.12/site-packages/sklearn/base.py:493: UserWarning:

X does not have valid feature names, but RandomForestRegressor was fitted with feature names

/opt/anaconda3/lib/python3.12/site-packages/sklearn/base.py:493: UserWarning:

X does not have valid feature names, but RandomForestRegressor was fitted with feature names

/opt/anaconda3/lib/python3.12/site-packages/sklearn/base.py:493: UserWarning:

X does not have valid feature names, but RandomForestRegressor was fitted with feature names

/opt/anaconda3/lib/python3.12/site-packages/sklearn/base.py:493: UserWarning:

X does not have valid feature names, but RandomForestRegressor was fitted with feature names

/opt/anaconda3/lib/python3.12/site-packages/sklearn/base.py:493: UserWarning:

X does not have valid feature names, but RandomForestRegressor was fitted with feature names

/opt/anaconda3/lib/python3.12/site-packages/sklearn/base.py:493: UserWarning:

X does not have valid feature names, but RandomForestRegressor was fitted with feature names

/opt/anaconda3/lib/python3.12/site-packages/sklearn/base.py:493: UserWarning:

X does not have valid feature names, but RandomForestRegressor was fitted with feature names

/opt/anaconda3/lib/python3.12/site-packages/sklearn/base.py:493: UserWarning:

X does not have valid feature names, but RandomForestRegressor was fitted with feature names

/opt/anaconda3/lib/python3.12/site-packages/sklearn/base.py:493: UserWarning:

X does not have valid feature names, but RandomForestRegressor was fitted with feature names

/opt/anaconda3/lib/python3.12/site-packages/sklearn/base.py:493: UserWarning:

X does not have valid feature names, but RandomForestRegressor was fitted with feature names

/opt/anaconda3/lib/python3.12/site-packages/sklearn/base.py:493: UserWarning:

X does not have valid feature names, but RandomForestRegressor was fitted with feature names

/opt/anaconda3/lib/python3.12/site-packages/sklearn/base.py:493: UserWarning:

X does not have valid feature names, but RandomForestRegressor was fitted with feature names

/opt/anaconda3/lib/python3.12/site-packages/sklearn/base.py:493: UserWarning:

X does not have valid feature names, but RandomForestRegressor was fitted with feature names

/opt/anaconda3/lib/python3.12/site-packages/sklearn/base.py:493: UserWarning:

X does not have valid feature names, but RandomForestRegressor was fitted with feature names

/opt/anaconda3/lib/python3.12/site-packages/sklearn/base.py:493: UserWarning:

X does not have valid feature names, but RandomForestRegressor was fitted with feature names

2025-12-11 08:19:38.173 Please replace `use_container_width` with `width`.

`use_container_width` will be removed after 2025-12-31.

For `use_container_width=True`, use `width='stretch'`. For `use_container_width=False`, use `width='content'`.
2025-12-11 08:19:38.196 Please replace `use_container_width` with `width`.

`use_container_width` will be removed after 2025-12-31.

For `use_container_width=True`, use `width='stretch'`. For `use_container_width=False`, use `width='content'`.
/opt/anaconda3/lib/python3.12/site-packages/sklearn/base.py:493: UserWarning:

X does not have valid feature names, but RandomForestRegressor was fitted with feature names

/opt/anaconda3/lib/python3.12/site-packages/sklearn/base.py:493: UserWarning:

X does not have valid feature names, but RandomForestRegressor was fitted with feature names

/opt/anaconda3/lib/python3.12/site-packages/sklearn/base.py:493: UserWarning:

X does not have valid feature names, but RandomForestRegressor was fitted with feature names

/opt/anaconda3/lib/python3.12/site-packages/sklearn/base.py:493: UserWarning:

X does not have valid feature names, but RandomForestRegressor was fitted with feature names

/opt/anaconda3/lib/python3.12/site-packages/sklearn/base.py:493: UserWarning:

X does not have valid feature names, but RandomForestRegressor was fitted with feature names

/opt/anaconda3/lib/python3.12/site-packages/sklearn/base.py:493: UserWarning:

X does not have valid feature names, but RandomForestRegressor was fitted with feature names

/opt/anaconda3/lib/python3.12/site-packages/sklearn/base.py:493: UserWarning:

X does not have valid feature names, but RandomForestRegressor was fitted with feature names

/opt/anaconda3/lib/python3.12/site-packages/sklearn/base.py:493: UserWarning:

X does not have valid feature names, but RandomForestRegressor was fitted with feature names

/opt/anaconda3/lib/python3.12/site-packages/sklearn/base.py:493: UserWarning:

X does not have valid feature names, but RandomForestRegressor was fitted with feature names

/opt/anaconda3/lib/python3.12/site-packages/sklearn/base.py:493: UserWarning:

X does not have valid feature names, but RandomForestRegressor was fitted with feature names

/opt/anaconda3/lib/python3.12/site-packages/sklearn/base.py:493: UserWarning:

X does not have valid feature names, but RandomForestRegressor was fitted with feature names

/opt/anaconda3/lib/python3.12/site-packages/sklearn/base.py:493: UserWarning:

X does not have valid feature names, but RandomForestRegressor was fitted with feature names

/opt/anaconda3/lib/python3.12/site-packages/sklearn/base.py:493: UserWarning:

X does not have valid feature names, but RandomForestRegressor was fitted with feature names

/opt/anaconda3/lib/python3.12/site-packages/sklearn/base.py:493: UserWarning:

X does not have valid feature names, but RandomForestRegressor was fitted with feature names

/opt/anaconda3/lib/python3.12/site-packages/sklearn/base.py:493: UserWarning:

X does not have valid feature names, but RandomForestRegressor was fitted with feature names

/opt/anaconda3/lib/python3.12/site-packages/sklearn/base.py:493: UserWarning:

X does not have valid feature names, but RandomForestRegressor was fitted with feature names

/opt/anaconda3/lib/python3.12/site-packages/sklearn/base.py:493: UserWarning:

X does not have valid feature names, but RandomForestRegressor was fitted with feature names

/opt/anaconda3/lib/python3.12/site-packages/sklearn/base.py:493: UserWarning:

X does not have valid feature names, but RandomForestRegressor was fitted with feature names

/opt/anaconda3/lib/python3.12/site-packages/sklearn/base.py:493: UserWarning:

X does not have valid feature names, but RandomForestRegressor was fitted with feature names

/opt/anaconda3/lib/python3.12/site-packages/sklearn/base.py:493: UserWarning:

X does not have valid feature names, but RandomForestRegressor was fitted with feature names

/opt/anaconda3/lib/python3.12/site-packages/sklearn/base.py:493: UserWarning:

X does not have valid feature names, but RandomForestRegressor was fitted with feature names

/opt/anaconda3/lib/python3.12/site-packages/sklearn/base.py:493: UserWarning:

X does not have valid feature names, but RandomForestRegressor was fitted with feature names

/opt/anaconda3/lib/python3.12/site-packages/sklearn/base.py:493: UserWarning:

X does not have valid feature names, but RandomForestRegressor was fitted with feature names

/opt/anaconda3/lib/python3.12/site-packages/sklearn/base.py:493: UserWarning:

X does not have valid feature names, but RandomForestRegressor was fitted with feature names

/opt/anaconda3/lib/python3.12/site-packages/sklearn/base.py:493: UserWarning:

X does not have valid feature names, but RandomForestRegressor was fitted with feature names

/opt/anaconda3/lib/python3.12/site-packages/sklearn/base.py:493: UserWarning:

X does not have valid feature names, but RandomForestRegressor was fitted with feature names

/opt/anaconda3/lib/python3.12/site-packages/sklearn/base.py:493: UserWarning:

X does not have valid feature names, but RandomForestRegressor was fitted with feature names

/opt/anaconda3/lib/python3.12/site-packages/sklearn/base.py:493: UserWarning:

X does not have valid feature names, but RandomForestRegressor was fitted with feature names

/opt/anaconda3/lib/python3.12/site-packages/sklearn/base.py:493: UserWarning:

X does not have valid feature names, but RandomForestRegressor was fitted with feature names

/opt/anaconda3/lib/python3.12/site-packages/sklearn/base.py:493: UserWarning:

X does not have valid feature names, but RandomForestRegressor was fitted with feature names

2025-12-11 08:19:38.694 Please replace `use_container_width` with `width`.

`use_container_width` will be removed after 2025-12-31.

For `use_container_width=True`, use `width='stretch'`. For `use_container_width=False`, use `width='content'`.
2025-12-11 12:06:29.679 Please replace `use_container_width` with `width`.

`use_container_width` will be removed after 2025-12-31.

For `use_container_width=True`, use `width='stretch'`. For `use_container_width=False`, use `width='content'`.
2025-12-11 12:06:29.859 Please replace `use_container_width` with `width`.

`use_container_width` will be removed after 2025-12-31.

For `use_container_width=True`, use `width='stretch'`. For `use_container_width=False`, use `width='content'`.
2025-12-11 12:06:29.996 Please replace `use_container_width` with `width`.

`use_container_width` will be removed after 2025-12-31.

For `use_container_width=True`, use `width='stretch'`. For `use_container_width=False`, use `width='content'`.
2025-12-11 12:06:30.034 Please replace `use_container_width` with `width`.

`use_container_width` will be removed after 2025-12-31.

For `use_container_width=True`, use `width='stretch'`. For `use_container_width=False`, use `width='content'`.
/Users/reo/Desktop/ãƒ†ã‚™ãƒ¼ã‚¿ã‚µã‚¤ã‚¨ãƒ³ã‚¹ãƒ»ãƒˆãƒƒãƒ•ã‚šãƒãƒã‚·ã‚™ãƒ¡ãƒ³ãƒˆè¬›ç¾©/streamlit_dashboard/app.py:1093: DeprecationWarning:

DataFrameGroupBy.apply operated on the grouping columns. This behavior is deprecated, and in a future version of pandas the grouping columns will be excluded from the operation. Either pass `include_groups=False` to exclude the groupings or explicitly select the grouping columns after groupby to silence this warning.

12:06:30 - cmdstanpy - INFO - Chain [1] start processing
12:06:43 - cmdstanpy - INFO - Chain [1] done processing
2025-12-11 12:06:43.957 Please replace `use_container_width` with `width`.

`use_container_width` will be removed after 2025-12-31.

For `use_container_width=True`, use `width='stretch'`. For `use_container_width=False`, use `width='content'`.
2025-12-11 12:06:44.077 Please replace `use_container_width` with `width`.

`use_container_width` will be removed after 2025-12-31.

For `use_container_width=True`, use `width='stretch'`. For `use_container_width=False`, use `width='content'`.
2025-12-11 12:06:44.187 Please replace `use_container_width` with `width`.

`use_container_width` will be removed after 2025-12-31.

For `use_container_width=True`, use `width='stretch'`. For `use_container_width=False`, use `width='content'`.
